ARM GAS  /tmp/ccdBcJ4H.s 			page 1


   1              		.cpu cortex-m0plus
   2              		.arch armv6s-m
   3              		.fpu softvfp
   4              		.eabi_attribute 20, 1
   5              		.eabi_attribute 21, 1
   6              		.eabi_attribute 23, 3
   7              		.eabi_attribute 24, 1
   8              		.eabi_attribute 25, 1
   9              		.eabi_attribute 26, 1
  10              		.eabi_attribute 30, 1
  11              		.eabi_attribute 34, 0
  12              		.eabi_attribute 18, 4
  13              		.file	"stm32l0xx_hal_pwr_ex.c"
  14              		.text
  15              	.Ltext0:
  16              		.cfi_sections	.debug_frame
  17              		.file 1 "Drivers/STM32L0xx_HAL_Driver/Src/stm32l0xx_hal_pwr_ex.c"
  18              		.section	.text.HAL_PWREx_GetVoltageRange,"ax",%progbits
  19              		.align	1
  20              		.global	HAL_PWREx_GetVoltageRange
  21              		.syntax unified
  22              		.code	16
  23              		.thumb_func
  25              	HAL_PWREx_GetVoltageRange:
  26              	.LFB40:
   1:Drivers/STM32L0xx_HAL_Driver/Src/stm32l0xx_hal_pwr_ex.c **** /**
   2:Drivers/STM32L0xx_HAL_Driver/Src/stm32l0xx_hal_pwr_ex.c ****   ******************************************************************************
   3:Drivers/STM32L0xx_HAL_Driver/Src/stm32l0xx_hal_pwr_ex.c ****   * @file    stm32l0xx_hal_pwr_ex.c
   4:Drivers/STM32L0xx_HAL_Driver/Src/stm32l0xx_hal_pwr_ex.c ****   * @author  MCD Application Team
   5:Drivers/STM32L0xx_HAL_Driver/Src/stm32l0xx_hal_pwr_ex.c ****   * @brief   Extended PWR HAL module driver.
   6:Drivers/STM32L0xx_HAL_Driver/Src/stm32l0xx_hal_pwr_ex.c ****   *          This file provides firmware functions to manage the following
   7:Drivers/STM32L0xx_HAL_Driver/Src/stm32l0xx_hal_pwr_ex.c ****   *          functionalities of the Power Controller (PWR) peripheral:
   8:Drivers/STM32L0xx_HAL_Driver/Src/stm32l0xx_hal_pwr_ex.c ****   *           + Extended Initialization and de-initialization functions
   9:Drivers/STM32L0xx_HAL_Driver/Src/stm32l0xx_hal_pwr_ex.c ****   *           + Extended Peripheral Control functions
  10:Drivers/STM32L0xx_HAL_Driver/Src/stm32l0xx_hal_pwr_ex.c ****   *         
  11:Drivers/STM32L0xx_HAL_Driver/Src/stm32l0xx_hal_pwr_ex.c ****   ******************************************************************************
  12:Drivers/STM32L0xx_HAL_Driver/Src/stm32l0xx_hal_pwr_ex.c ****   * @attention
  13:Drivers/STM32L0xx_HAL_Driver/Src/stm32l0xx_hal_pwr_ex.c ****   *
  14:Drivers/STM32L0xx_HAL_Driver/Src/stm32l0xx_hal_pwr_ex.c ****   * Copyright (c) 2016 STMicroelectronics.
  15:Drivers/STM32L0xx_HAL_Driver/Src/stm32l0xx_hal_pwr_ex.c ****   * All rights reserved.
  16:Drivers/STM32L0xx_HAL_Driver/Src/stm32l0xx_hal_pwr_ex.c ****   *
  17:Drivers/STM32L0xx_HAL_Driver/Src/stm32l0xx_hal_pwr_ex.c ****   * This software is licensed under terms that can be found in the LICENSE file
  18:Drivers/STM32L0xx_HAL_Driver/Src/stm32l0xx_hal_pwr_ex.c ****   * in the root directory of this software component.
  19:Drivers/STM32L0xx_HAL_Driver/Src/stm32l0xx_hal_pwr_ex.c ****   * If no LICENSE file comes with this software, it is provided AS-IS.
  20:Drivers/STM32L0xx_HAL_Driver/Src/stm32l0xx_hal_pwr_ex.c ****   *
  21:Drivers/STM32L0xx_HAL_Driver/Src/stm32l0xx_hal_pwr_ex.c ****   ******************************************************************************
  22:Drivers/STM32L0xx_HAL_Driver/Src/stm32l0xx_hal_pwr_ex.c ****   */
  23:Drivers/STM32L0xx_HAL_Driver/Src/stm32l0xx_hal_pwr_ex.c **** 
  24:Drivers/STM32L0xx_HAL_Driver/Src/stm32l0xx_hal_pwr_ex.c **** /* Includes ------------------------------------------------------------------*/
  25:Drivers/STM32L0xx_HAL_Driver/Src/stm32l0xx_hal_pwr_ex.c **** #include "stm32l0xx_hal.h"
  26:Drivers/STM32L0xx_HAL_Driver/Src/stm32l0xx_hal_pwr_ex.c **** 
  27:Drivers/STM32L0xx_HAL_Driver/Src/stm32l0xx_hal_pwr_ex.c **** #ifdef HAL_PWR_MODULE_ENABLED
  28:Drivers/STM32L0xx_HAL_Driver/Src/stm32l0xx_hal_pwr_ex.c **** /** @addtogroup STM32L0xx_HAL_Driver
  29:Drivers/STM32L0xx_HAL_Driver/Src/stm32l0xx_hal_pwr_ex.c ****   * @{
  30:Drivers/STM32L0xx_HAL_Driver/Src/stm32l0xx_hal_pwr_ex.c ****   */
  31:Drivers/STM32L0xx_HAL_Driver/Src/stm32l0xx_hal_pwr_ex.c **** 
  32:Drivers/STM32L0xx_HAL_Driver/Src/stm32l0xx_hal_pwr_ex.c **** /** @addtogroup PWREx 
ARM GAS  /tmp/ccdBcJ4H.s 			page 2


  33:Drivers/STM32L0xx_HAL_Driver/Src/stm32l0xx_hal_pwr_ex.c ****   * @{
  34:Drivers/STM32L0xx_HAL_Driver/Src/stm32l0xx_hal_pwr_ex.c ****   */
  35:Drivers/STM32L0xx_HAL_Driver/Src/stm32l0xx_hal_pwr_ex.c **** 
  36:Drivers/STM32L0xx_HAL_Driver/Src/stm32l0xx_hal_pwr_ex.c **** /** @addtogroup PWREx_Private
  37:Drivers/STM32L0xx_HAL_Driver/Src/stm32l0xx_hal_pwr_ex.c ****   * @{
  38:Drivers/STM32L0xx_HAL_Driver/Src/stm32l0xx_hal_pwr_ex.c ****   */
  39:Drivers/STM32L0xx_HAL_Driver/Src/stm32l0xx_hal_pwr_ex.c **** 
  40:Drivers/STM32L0xx_HAL_Driver/Src/stm32l0xx_hal_pwr_ex.c **** /** @defgroup PWR_Extended_TimeOut_Value PWREx Flag Setting Time Out Value
  41:Drivers/STM32L0xx_HAL_Driver/Src/stm32l0xx_hal_pwr_ex.c ****   * @{
  42:Drivers/STM32L0xx_HAL_Driver/Src/stm32l0xx_hal_pwr_ex.c ****   */ 
  43:Drivers/STM32L0xx_HAL_Driver/Src/stm32l0xx_hal_pwr_ex.c **** #define PWR_FLAG_SETTING_DELAY_US 50U
  44:Drivers/STM32L0xx_HAL_Driver/Src/stm32l0xx_hal_pwr_ex.c **** /**
  45:Drivers/STM32L0xx_HAL_Driver/Src/stm32l0xx_hal_pwr_ex.c ****   * @}
  46:Drivers/STM32L0xx_HAL_Driver/Src/stm32l0xx_hal_pwr_ex.c ****   */
  47:Drivers/STM32L0xx_HAL_Driver/Src/stm32l0xx_hal_pwr_ex.c **** 
  48:Drivers/STM32L0xx_HAL_Driver/Src/stm32l0xx_hal_pwr_ex.c **** /**
  49:Drivers/STM32L0xx_HAL_Driver/Src/stm32l0xx_hal_pwr_ex.c ****   * @}
  50:Drivers/STM32L0xx_HAL_Driver/Src/stm32l0xx_hal_pwr_ex.c ****   */
  51:Drivers/STM32L0xx_HAL_Driver/Src/stm32l0xx_hal_pwr_ex.c **** 
  52:Drivers/STM32L0xx_HAL_Driver/Src/stm32l0xx_hal_pwr_ex.c **** 
  53:Drivers/STM32L0xx_HAL_Driver/Src/stm32l0xx_hal_pwr_ex.c **** /** @addtogroup PWREx_Exported_Functions
  54:Drivers/STM32L0xx_HAL_Driver/Src/stm32l0xx_hal_pwr_ex.c ****   * @brief      Low Power modes configuration functions 
  55:Drivers/STM32L0xx_HAL_Driver/Src/stm32l0xx_hal_pwr_ex.c ****   *
  56:Drivers/STM32L0xx_HAL_Driver/Src/stm32l0xx_hal_pwr_ex.c **** @verbatim
  57:Drivers/STM32L0xx_HAL_Driver/Src/stm32l0xx_hal_pwr_ex.c **** 
  58:Drivers/STM32L0xx_HAL_Driver/Src/stm32l0xx_hal_pwr_ex.c ****  ===============================================================================
  59:Drivers/STM32L0xx_HAL_Driver/Src/stm32l0xx_hal_pwr_ex.c ****                  ##### Peripheral extended features functions #####
  60:Drivers/STM32L0xx_HAL_Driver/Src/stm32l0xx_hal_pwr_ex.c ****  ===============================================================================
  61:Drivers/STM32L0xx_HAL_Driver/Src/stm32l0xx_hal_pwr_ex.c **** @endverbatim
  62:Drivers/STM32L0xx_HAL_Driver/Src/stm32l0xx_hal_pwr_ex.c ****   * @{
  63:Drivers/STM32L0xx_HAL_Driver/Src/stm32l0xx_hal_pwr_ex.c ****   */
  64:Drivers/STM32L0xx_HAL_Driver/Src/stm32l0xx_hal_pwr_ex.c **** 
  65:Drivers/STM32L0xx_HAL_Driver/Src/stm32l0xx_hal_pwr_ex.c **** /**
  66:Drivers/STM32L0xx_HAL_Driver/Src/stm32l0xx_hal_pwr_ex.c ****   * @brief Return Voltage Scaling Range.   
  67:Drivers/STM32L0xx_HAL_Driver/Src/stm32l0xx_hal_pwr_ex.c ****   * @retval VOS bit field (PWR_REGULATOR_VOLTAGE_SCALE1, PWR_REGULATOR_VOLTAGE_SCALE2 or PWR_REGULA
  68:Drivers/STM32L0xx_HAL_Driver/Src/stm32l0xx_hal_pwr_ex.c ****   */  
  69:Drivers/STM32L0xx_HAL_Driver/Src/stm32l0xx_hal_pwr_ex.c **** uint32_t HAL_PWREx_GetVoltageRange(void)
  70:Drivers/STM32L0xx_HAL_Driver/Src/stm32l0xx_hal_pwr_ex.c **** {
  27              		.loc 1 70 1 view -0
  28              		.cfi_startproc
  29              		@ args = 0, pretend = 0, frame = 0
  30              		@ frame_needed = 0, uses_anonymous_args = 0
  31              		@ link register save eliminated.
  71:Drivers/STM32L0xx_HAL_Driver/Src/stm32l0xx_hal_pwr_ex.c ****   return  (PWR->CR & PWR_CR_VOS);
  32              		.loc 1 71 3 view .LVU1
  33              		.loc 1 71 15 is_stmt 0 view .LVU2
  34 0000 024B     		ldr	r3, .L2
  35 0002 1868     		ldr	r0, [r3]
  36              		.loc 1 71 20 view .LVU3
  37 0004 C023     		movs	r3, #192
  38 0006 5B01     		lsls	r3, r3, #5
  39 0008 1840     		ands	r0, r3
  72:Drivers/STM32L0xx_HAL_Driver/Src/stm32l0xx_hal_pwr_ex.c **** }
  40              		.loc 1 72 1 view .LVU4
  41              		@ sp needed
  42 000a 7047     		bx	lr
  43              	.L3:
ARM GAS  /tmp/ccdBcJ4H.s 			page 3


  44              		.align	2
  45              	.L2:
  46 000c 00700040 		.word	1073770496
  47              		.cfi_endproc
  48              	.LFE40:
  50              		.section	.text.HAL_PWREx_EnableFastWakeUp,"ax",%progbits
  51              		.align	1
  52              		.global	HAL_PWREx_EnableFastWakeUp
  53              		.syntax unified
  54              		.code	16
  55              		.thumb_func
  57              	HAL_PWREx_EnableFastWakeUp:
  58              	.LFB41:
  73:Drivers/STM32L0xx_HAL_Driver/Src/stm32l0xx_hal_pwr_ex.c **** 
  74:Drivers/STM32L0xx_HAL_Driver/Src/stm32l0xx_hal_pwr_ex.c **** 
  75:Drivers/STM32L0xx_HAL_Driver/Src/stm32l0xx_hal_pwr_ex.c **** /**
  76:Drivers/STM32L0xx_HAL_Driver/Src/stm32l0xx_hal_pwr_ex.c ****   * @brief  Enables the Fast WakeUp from Ultra Low Power mode.
  77:Drivers/STM32L0xx_HAL_Driver/Src/stm32l0xx_hal_pwr_ex.c ****   * @note This bit works in conjunction with ULP bit. 
  78:Drivers/STM32L0xx_HAL_Driver/Src/stm32l0xx_hal_pwr_ex.c ****   *        Means, when ULP = 1 and FWU = 1 :VREFINT startup time is ignored when 
  79:Drivers/STM32L0xx_HAL_Driver/Src/stm32l0xx_hal_pwr_ex.c ****   *        exiting from low power mode.
  80:Drivers/STM32L0xx_HAL_Driver/Src/stm32l0xx_hal_pwr_ex.c ****   * @retval None
  81:Drivers/STM32L0xx_HAL_Driver/Src/stm32l0xx_hal_pwr_ex.c ****   */
  82:Drivers/STM32L0xx_HAL_Driver/Src/stm32l0xx_hal_pwr_ex.c **** void HAL_PWREx_EnableFastWakeUp(void)
  83:Drivers/STM32L0xx_HAL_Driver/Src/stm32l0xx_hal_pwr_ex.c **** {
  59              		.loc 1 83 1 is_stmt 1 view -0
  60              		.cfi_startproc
  61              		@ args = 0, pretend = 0, frame = 0
  62              		@ frame_needed = 0, uses_anonymous_args = 0
  63              		@ link register save eliminated.
  84:Drivers/STM32L0xx_HAL_Driver/Src/stm32l0xx_hal_pwr_ex.c ****   /* Enable the fast wake up */
  85:Drivers/STM32L0xx_HAL_Driver/Src/stm32l0xx_hal_pwr_ex.c ****   SET_BIT(PWR->CR, PWR_CR_FWU);
  64              		.loc 1 85 3 view .LVU6
  65 0000 034A     		ldr	r2, .L5
  66 0002 1168     		ldr	r1, [r2]
  67 0004 8023     		movs	r3, #128
  68 0006 DB00     		lsls	r3, r3, #3
  69 0008 0B43     		orrs	r3, r1
  70 000a 1360     		str	r3, [r2]
  86:Drivers/STM32L0xx_HAL_Driver/Src/stm32l0xx_hal_pwr_ex.c **** }
  71              		.loc 1 86 1 is_stmt 0 view .LVU7
  72              		@ sp needed
  73 000c 7047     		bx	lr
  74              	.L6:
  75 000e C046     		.align	2
  76              	.L5:
  77 0010 00700040 		.word	1073770496
  78              		.cfi_endproc
  79              	.LFE41:
  81              		.section	.text.HAL_PWREx_DisableFastWakeUp,"ax",%progbits
  82              		.align	1
  83              		.global	HAL_PWREx_DisableFastWakeUp
  84              		.syntax unified
  85              		.code	16
  86              		.thumb_func
  88              	HAL_PWREx_DisableFastWakeUp:
  89              	.LFB42:
  87:Drivers/STM32L0xx_HAL_Driver/Src/stm32l0xx_hal_pwr_ex.c **** 
ARM GAS  /tmp/ccdBcJ4H.s 			page 4


  88:Drivers/STM32L0xx_HAL_Driver/Src/stm32l0xx_hal_pwr_ex.c **** /**
  89:Drivers/STM32L0xx_HAL_Driver/Src/stm32l0xx_hal_pwr_ex.c ****   * @brief  Disables the Fast WakeUp from Ultra Low Power mode.
  90:Drivers/STM32L0xx_HAL_Driver/Src/stm32l0xx_hal_pwr_ex.c ****   * @retval None
  91:Drivers/STM32L0xx_HAL_Driver/Src/stm32l0xx_hal_pwr_ex.c ****   */
  92:Drivers/STM32L0xx_HAL_Driver/Src/stm32l0xx_hal_pwr_ex.c **** void HAL_PWREx_DisableFastWakeUp(void)
  93:Drivers/STM32L0xx_HAL_Driver/Src/stm32l0xx_hal_pwr_ex.c **** {
  90              		.loc 1 93 1 is_stmt 1 view -0
  91              		.cfi_startproc
  92              		@ args = 0, pretend = 0, frame = 0
  93              		@ frame_needed = 0, uses_anonymous_args = 0
  94              		@ link register save eliminated.
  94:Drivers/STM32L0xx_HAL_Driver/Src/stm32l0xx_hal_pwr_ex.c ****   /* Disable the fast wake up */
  95:Drivers/STM32L0xx_HAL_Driver/Src/stm32l0xx_hal_pwr_ex.c ****   CLEAR_BIT(PWR->CR, PWR_CR_FWU);
  95              		.loc 1 95 3 view .LVU9
  96 0000 024A     		ldr	r2, .L8
  97 0002 1368     		ldr	r3, [r2]
  98 0004 0249     		ldr	r1, .L8+4
  99 0006 0B40     		ands	r3, r1
 100 0008 1360     		str	r3, [r2]
  96:Drivers/STM32L0xx_HAL_Driver/Src/stm32l0xx_hal_pwr_ex.c **** }
 101              		.loc 1 96 1 is_stmt 0 view .LVU10
 102              		@ sp needed
 103 000a 7047     		bx	lr
 104              	.L9:
 105              		.align	2
 106              	.L8:
 107 000c 00700040 		.word	1073770496
 108 0010 FFFBFFFF 		.word	-1025
 109              		.cfi_endproc
 110              	.LFE42:
 112              		.section	.text.HAL_PWREx_EnableUltraLowPower,"ax",%progbits
 113              		.align	1
 114              		.global	HAL_PWREx_EnableUltraLowPower
 115              		.syntax unified
 116              		.code	16
 117              		.thumb_func
 119              	HAL_PWREx_EnableUltraLowPower:
 120              	.LFB43:
  97:Drivers/STM32L0xx_HAL_Driver/Src/stm32l0xx_hal_pwr_ex.c **** 
  98:Drivers/STM32L0xx_HAL_Driver/Src/stm32l0xx_hal_pwr_ex.c **** /**
  99:Drivers/STM32L0xx_HAL_Driver/Src/stm32l0xx_hal_pwr_ex.c ****   * @brief  Enables the Ultra Low Power mode
 100:Drivers/STM32L0xx_HAL_Driver/Src/stm32l0xx_hal_pwr_ex.c ****   * @retval None
 101:Drivers/STM32L0xx_HAL_Driver/Src/stm32l0xx_hal_pwr_ex.c ****   */
 102:Drivers/STM32L0xx_HAL_Driver/Src/stm32l0xx_hal_pwr_ex.c **** void HAL_PWREx_EnableUltraLowPower(void)
 103:Drivers/STM32L0xx_HAL_Driver/Src/stm32l0xx_hal_pwr_ex.c **** {
 121              		.loc 1 103 1 is_stmt 1 view -0
 122              		.cfi_startproc
 123              		@ args = 0, pretend = 0, frame = 0
 124              		@ frame_needed = 0, uses_anonymous_args = 0
 125              		@ link register save eliminated.
 104:Drivers/STM32L0xx_HAL_Driver/Src/stm32l0xx_hal_pwr_ex.c ****   /* Enable the Ultra Low Power mode */
 105:Drivers/STM32L0xx_HAL_Driver/Src/stm32l0xx_hal_pwr_ex.c ****   SET_BIT(PWR->CR, PWR_CR_ULP);
 126              		.loc 1 105 3 view .LVU12
 127 0000 034A     		ldr	r2, .L11
 128 0002 1168     		ldr	r1, [r2]
 129 0004 8023     		movs	r3, #128
 130 0006 9B00     		lsls	r3, r3, #2
ARM GAS  /tmp/ccdBcJ4H.s 			page 5


 131 0008 0B43     		orrs	r3, r1
 132 000a 1360     		str	r3, [r2]
 106:Drivers/STM32L0xx_HAL_Driver/Src/stm32l0xx_hal_pwr_ex.c **** }
 133              		.loc 1 106 1 is_stmt 0 view .LVU13
 134              		@ sp needed
 135 000c 7047     		bx	lr
 136              	.L12:
 137 000e C046     		.align	2
 138              	.L11:
 139 0010 00700040 		.word	1073770496
 140              		.cfi_endproc
 141              	.LFE43:
 143              		.section	.text.HAL_PWREx_DisableUltraLowPower,"ax",%progbits
 144              		.align	1
 145              		.global	HAL_PWREx_DisableUltraLowPower
 146              		.syntax unified
 147              		.code	16
 148              		.thumb_func
 150              	HAL_PWREx_DisableUltraLowPower:
 151              	.LFB44:
 107:Drivers/STM32L0xx_HAL_Driver/Src/stm32l0xx_hal_pwr_ex.c **** 
 108:Drivers/STM32L0xx_HAL_Driver/Src/stm32l0xx_hal_pwr_ex.c **** /**
 109:Drivers/STM32L0xx_HAL_Driver/Src/stm32l0xx_hal_pwr_ex.c ****   * @brief  Disables the Ultra Low Power mode
 110:Drivers/STM32L0xx_HAL_Driver/Src/stm32l0xx_hal_pwr_ex.c ****   * @retval None
 111:Drivers/STM32L0xx_HAL_Driver/Src/stm32l0xx_hal_pwr_ex.c ****   */
 112:Drivers/STM32L0xx_HAL_Driver/Src/stm32l0xx_hal_pwr_ex.c **** void HAL_PWREx_DisableUltraLowPower(void)
 113:Drivers/STM32L0xx_HAL_Driver/Src/stm32l0xx_hal_pwr_ex.c **** {
 152              		.loc 1 113 1 is_stmt 1 view -0
 153              		.cfi_startproc
 154              		@ args = 0, pretend = 0, frame = 0
 155              		@ frame_needed = 0, uses_anonymous_args = 0
 156              		@ link register save eliminated.
 114:Drivers/STM32L0xx_HAL_Driver/Src/stm32l0xx_hal_pwr_ex.c ****   /* Disable the Ultra Low Power mode */
 115:Drivers/STM32L0xx_HAL_Driver/Src/stm32l0xx_hal_pwr_ex.c ****   CLEAR_BIT(PWR->CR, PWR_CR_ULP);
 157              		.loc 1 115 3 view .LVU15
 158 0000 024A     		ldr	r2, .L14
 159 0002 1368     		ldr	r3, [r2]
 160 0004 0249     		ldr	r1, .L14+4
 161 0006 0B40     		ands	r3, r1
 162 0008 1360     		str	r3, [r2]
 116:Drivers/STM32L0xx_HAL_Driver/Src/stm32l0xx_hal_pwr_ex.c **** }
 163              		.loc 1 116 1 is_stmt 0 view .LVU16
 164              		@ sp needed
 165 000a 7047     		bx	lr
 166              	.L15:
 167              		.align	2
 168              	.L14:
 169 000c 00700040 		.word	1073770496
 170 0010 FFFDFFFF 		.word	-513
 171              		.cfi_endproc
 172              	.LFE44:
 174              		.section	.text.HAL_PWREx_EnableLowPowerRunMode,"ax",%progbits
 175              		.align	1
 176              		.global	HAL_PWREx_EnableLowPowerRunMode
 177              		.syntax unified
 178              		.code	16
 179              		.thumb_func
ARM GAS  /tmp/ccdBcJ4H.s 			page 6


 181              	HAL_PWREx_EnableLowPowerRunMode:
 182              	.LFB45:
 117:Drivers/STM32L0xx_HAL_Driver/Src/stm32l0xx_hal_pwr_ex.c **** 
 118:Drivers/STM32L0xx_HAL_Driver/Src/stm32l0xx_hal_pwr_ex.c **** /**
 119:Drivers/STM32L0xx_HAL_Driver/Src/stm32l0xx_hal_pwr_ex.c ****   * @brief  Enable the Low Power Run mode.
 120:Drivers/STM32L0xx_HAL_Driver/Src/stm32l0xx_hal_pwr_ex.c ****   * @note   Low power run mode can only be entered when VCORE is in range 2.
 121:Drivers/STM32L0xx_HAL_Driver/Src/stm32l0xx_hal_pwr_ex.c ****   *         In addition, the dynamic voltage scaling must not be used when Low
 122:Drivers/STM32L0xx_HAL_Driver/Src/stm32l0xx_hal_pwr_ex.c ****   *         power run mode is selected. Only Stop and Sleep modes with regulator
 123:Drivers/STM32L0xx_HAL_Driver/Src/stm32l0xx_hal_pwr_ex.c ****   *         configured in Low power mode is allowed when Low power run mode is 
 124:Drivers/STM32L0xx_HAL_Driver/Src/stm32l0xx_hal_pwr_ex.c ****   *         selected.
 125:Drivers/STM32L0xx_HAL_Driver/Src/stm32l0xx_hal_pwr_ex.c ****   * @note   The frequency of the system clock must be decreased to not exceed the
 126:Drivers/STM32L0xx_HAL_Driver/Src/stm32l0xx_hal_pwr_ex.c ****   *         frequency of RCC_MSIRANGE_1.
 127:Drivers/STM32L0xx_HAL_Driver/Src/stm32l0xx_hal_pwr_ex.c ****   * @note   In Low power run mode, all I/O pins keep the same state as in Run mode.
 128:Drivers/STM32L0xx_HAL_Driver/Src/stm32l0xx_hal_pwr_ex.c ****   * @retval None
 129:Drivers/STM32L0xx_HAL_Driver/Src/stm32l0xx_hal_pwr_ex.c ****   */
 130:Drivers/STM32L0xx_HAL_Driver/Src/stm32l0xx_hal_pwr_ex.c **** void HAL_PWREx_EnableLowPowerRunMode(void)
 131:Drivers/STM32L0xx_HAL_Driver/Src/stm32l0xx_hal_pwr_ex.c **** {
 183              		.loc 1 131 1 is_stmt 1 view -0
 184              		.cfi_startproc
 185              		@ args = 0, pretend = 0, frame = 0
 186              		@ frame_needed = 0, uses_anonymous_args = 0
 187              		@ link register save eliminated.
 132:Drivers/STM32L0xx_HAL_Driver/Src/stm32l0xx_hal_pwr_ex.c ****   /* Enters the Low Power Run mode */
 133:Drivers/STM32L0xx_HAL_Driver/Src/stm32l0xx_hal_pwr_ex.c ****   SET_BIT(PWR->CR, PWR_CR_LPSDSR);
 188              		.loc 1 133 3 view .LVU18
 189 0000 054B     		ldr	r3, .L17
 190 0002 1A68     		ldr	r2, [r3]
 191 0004 0121     		movs	r1, #1
 192 0006 0A43     		orrs	r2, r1
 193 0008 1A60     		str	r2, [r3]
 134:Drivers/STM32L0xx_HAL_Driver/Src/stm32l0xx_hal_pwr_ex.c ****   SET_BIT(PWR->CR, PWR_CR_LPRUN);
 194              		.loc 1 134 3 view .LVU19
 195 000a 1968     		ldr	r1, [r3]
 196 000c 8022     		movs	r2, #128
 197 000e D201     		lsls	r2, r2, #7
 198 0010 0A43     		orrs	r2, r1
 199 0012 1A60     		str	r2, [r3]
 135:Drivers/STM32L0xx_HAL_Driver/Src/stm32l0xx_hal_pwr_ex.c **** }
 200              		.loc 1 135 1 is_stmt 0 view .LVU20
 201              		@ sp needed
 202 0014 7047     		bx	lr
 203              	.L18:
 204 0016 C046     		.align	2
 205              	.L17:
 206 0018 00700040 		.word	1073770496
 207              		.cfi_endproc
 208              	.LFE45:
 210              		.global	__aeabi_uidiv
 211              		.section	.text.HAL_PWREx_DisableLowPowerRunMode,"ax",%progbits
 212              		.align	1
 213              		.global	HAL_PWREx_DisableLowPowerRunMode
 214              		.syntax unified
 215              		.code	16
 216              		.thumb_func
 218              	HAL_PWREx_DisableLowPowerRunMode:
 219              	.LFB46:
 136:Drivers/STM32L0xx_HAL_Driver/Src/stm32l0xx_hal_pwr_ex.c **** 
ARM GAS  /tmp/ccdBcJ4H.s 			page 7


 137:Drivers/STM32L0xx_HAL_Driver/Src/stm32l0xx_hal_pwr_ex.c **** /**
 138:Drivers/STM32L0xx_HAL_Driver/Src/stm32l0xx_hal_pwr_ex.c ****   * @brief  Disable the Low Power Run mode.
 139:Drivers/STM32L0xx_HAL_Driver/Src/stm32l0xx_hal_pwr_ex.c ****   * @note  Before HAL_PWREx_DisableLowPowerRunMode() completion, the function checks that 
 140:Drivers/STM32L0xx_HAL_Driver/Src/stm32l0xx_hal_pwr_ex.c ****   *        REGLPF has been properly reset (otherwise, HAL_PWREx_DisableLowPowerRunMode 
 141:Drivers/STM32L0xx_HAL_Driver/Src/stm32l0xx_hal_pwr_ex.c ****   *        returns HAL_TIMEOUT status). The system clock frequency can then be
 142:Drivers/STM32L0xx_HAL_Driver/Src/stm32l0xx_hal_pwr_ex.c ****   *        increased above 2 MHz.   
 143:Drivers/STM32L0xx_HAL_Driver/Src/stm32l0xx_hal_pwr_ex.c ****   * @retval HAL_StatusTypeDef
 144:Drivers/STM32L0xx_HAL_Driver/Src/stm32l0xx_hal_pwr_ex.c ****   */
 145:Drivers/STM32L0xx_HAL_Driver/Src/stm32l0xx_hal_pwr_ex.c **** HAL_StatusTypeDef HAL_PWREx_DisableLowPowerRunMode(void)
 146:Drivers/STM32L0xx_HAL_Driver/Src/stm32l0xx_hal_pwr_ex.c **** {
 220              		.loc 1 146 1 is_stmt 1 view -0
 221              		.cfi_startproc
 222              		@ args = 0, pretend = 0, frame = 0
 223              		@ frame_needed = 0, uses_anonymous_args = 0
 224 0000 10B5     		push	{r4, lr}
 225              		.cfi_def_cfa_offset 8
 226              		.cfi_offset 4, -8
 227              		.cfi_offset 14, -4
 147:Drivers/STM32L0xx_HAL_Driver/Src/stm32l0xx_hal_pwr_ex.c ****   uint32_t wait_loop_index = 0U;
 228              		.loc 1 147 3 view .LVU22
 229              	.LVL0:
 148:Drivers/STM32L0xx_HAL_Driver/Src/stm32l0xx_hal_pwr_ex.c ****   
 149:Drivers/STM32L0xx_HAL_Driver/Src/stm32l0xx_hal_pwr_ex.c ****   /* Exit the Low Power Run mode */
 150:Drivers/STM32L0xx_HAL_Driver/Src/stm32l0xx_hal_pwr_ex.c ****   CLEAR_BIT(PWR->CR, PWR_CR_LPRUN);
 230              		.loc 1 150 3 view .LVU23
 231 0002 104B     		ldr	r3, .L25
 232 0004 1A68     		ldr	r2, [r3]
 233 0006 1049     		ldr	r1, .L25+4
 234 0008 0A40     		ands	r2, r1
 235 000a 1A60     		str	r2, [r3]
 151:Drivers/STM32L0xx_HAL_Driver/Src/stm32l0xx_hal_pwr_ex.c ****   CLEAR_BIT(PWR->CR, PWR_CR_LPSDSR);
 236              		.loc 1 151 3 view .LVU24
 237 000c 1A68     		ldr	r2, [r3]
 238 000e 0121     		movs	r1, #1
 239 0010 8A43     		bics	r2, r1
 240 0012 1A60     		str	r2, [r3]
 152:Drivers/STM32L0xx_HAL_Driver/Src/stm32l0xx_hal_pwr_ex.c ****   
 153:Drivers/STM32L0xx_HAL_Driver/Src/stm32l0xx_hal_pwr_ex.c ****   /* Wait until REGLPF is reset */
 154:Drivers/STM32L0xx_HAL_Driver/Src/stm32l0xx_hal_pwr_ex.c ****   wait_loop_index = (PWR_FLAG_SETTING_DELAY_US * (SystemCoreClock / 1000000U));
 241              		.loc 1 154 3 view .LVU25
 242              		.loc 1 154 67 is_stmt 0 view .LVU26
 243 0014 0D4B     		ldr	r3, .L25+8
 244 0016 1868     		ldr	r0, [r3]
 245 0018 0D49     		ldr	r1, .L25+12
 246 001a FFF7FEFF 		bl	__aeabi_uidiv
 247              	.LVL1:
 248              		.loc 1 154 19 view .LVU27
 249 001e 3223     		movs	r3, #50
 250 0020 5843     		muls	r0, r3
 251              	.LVL2:
 155:Drivers/STM32L0xx_HAL_Driver/Src/stm32l0xx_hal_pwr_ex.c **** 
 156:Drivers/STM32L0xx_HAL_Driver/Src/stm32l0xx_hal_pwr_ex.c ****   while ((wait_loop_index != 0U) && (HAL_IS_BIT_SET(PWR->CSR, PWR_CSR_REGLPF)))
 252              		.loc 1 156 3 is_stmt 1 view .LVU28
 253              		.loc 1 156 9 is_stmt 0 view .LVU29
 254 0022 00E0     		b	.L20
 255              	.L22:
 157:Drivers/STM32L0xx_HAL_Driver/Src/stm32l0xx_hal_pwr_ex.c ****   {
ARM GAS  /tmp/ccdBcJ4H.s 			page 8


 158:Drivers/STM32L0xx_HAL_Driver/Src/stm32l0xx_hal_pwr_ex.c ****     wait_loop_index--;
 256              		.loc 1 158 5 is_stmt 1 view .LVU30
 257              		.loc 1 158 20 is_stmt 0 view .LVU31
 258 0024 0138     		subs	r0, r0, #1
 259              	.LVL3:
 260              	.L20:
 156:Drivers/STM32L0xx_HAL_Driver/Src/stm32l0xx_hal_pwr_ex.c ****   {
 261              		.loc 1 156 34 is_stmt 1 view .LVU32
 262 0026 0028     		cmp	r0, #0
 263 0028 03D0     		beq	.L21
 156:Drivers/STM32L0xx_HAL_Driver/Src/stm32l0xx_hal_pwr_ex.c ****   {
 264              		.loc 1 156 38 is_stmt 0 discriminator 1 view .LVU33
 265 002a 064B     		ldr	r3, .L25
 266 002c 5B68     		ldr	r3, [r3, #4]
 156:Drivers/STM32L0xx_HAL_Driver/Src/stm32l0xx_hal_pwr_ex.c ****   {
 267              		.loc 1 156 34 discriminator 1 view .LVU34
 268 002e 9B06     		lsls	r3, r3, #26
 269 0030 F8D4     		bmi	.L22
 270              	.L21:
 159:Drivers/STM32L0xx_HAL_Driver/Src/stm32l0xx_hal_pwr_ex.c ****   }
 160:Drivers/STM32L0xx_HAL_Driver/Src/stm32l0xx_hal_pwr_ex.c **** 
 161:Drivers/STM32L0xx_HAL_Driver/Src/stm32l0xx_hal_pwr_ex.c ****   if (HAL_IS_BIT_SET(PWR->CSR, PWR_CSR_REGLPF))
 271              		.loc 1 161 3 is_stmt 1 view .LVU35
 272              		.loc 1 161 7 is_stmt 0 view .LVU36
 273 0032 044B     		ldr	r3, .L25
 274 0034 5B68     		ldr	r3, [r3, #4]
 275              		.loc 1 161 6 view .LVU37
 276 0036 9B06     		lsls	r3, r3, #26
 277 0038 01D4     		bmi	.L24
 162:Drivers/STM32L0xx_HAL_Driver/Src/stm32l0xx_hal_pwr_ex.c ****   {
 163:Drivers/STM32L0xx_HAL_Driver/Src/stm32l0xx_hal_pwr_ex.c ****     return HAL_TIMEOUT;
 164:Drivers/STM32L0xx_HAL_Driver/Src/stm32l0xx_hal_pwr_ex.c ****   }
 165:Drivers/STM32L0xx_HAL_Driver/Src/stm32l0xx_hal_pwr_ex.c **** 
 166:Drivers/STM32L0xx_HAL_Driver/Src/stm32l0xx_hal_pwr_ex.c ****   return HAL_OK;
 278              		.loc 1 166 10 view .LVU38
 279 003a 0020     		movs	r0, #0
 280              	.LVL4:
 281              	.L23:
 167:Drivers/STM32L0xx_HAL_Driver/Src/stm32l0xx_hal_pwr_ex.c **** }
 282              		.loc 1 167 1 view .LVU39
 283              		@ sp needed
 284 003c 10BD     		pop	{r4, pc}
 285              	.LVL5:
 286              	.L24:
 163:Drivers/STM32L0xx_HAL_Driver/Src/stm32l0xx_hal_pwr_ex.c ****   }
 287              		.loc 1 163 12 view .LVU40
 288 003e 0320     		movs	r0, #3
 289              	.LVL6:
 163:Drivers/STM32L0xx_HAL_Driver/Src/stm32l0xx_hal_pwr_ex.c ****   }
 290              		.loc 1 163 12 view .LVU41
 291 0040 FCE7     		b	.L23
 292              	.L26:
 293 0042 C046     		.align	2
 294              	.L25:
 295 0044 00700040 		.word	1073770496
 296 0048 FFBFFFFF 		.word	-16385
 297 004c 00000000 		.word	SystemCoreClock
ARM GAS  /tmp/ccdBcJ4H.s 			page 9


 298 0050 40420F00 		.word	1000000
 299              		.cfi_endproc
 300              	.LFE46:
 302              		.text
 303              	.Letext0:
 304              		.file 2 "/usr/arm-none-eabi/include/machine/_default_types.h"
 305              		.file 3 "/usr/arm-none-eabi/include/sys/_stdint.h"
 306              		.file 4 "Drivers/CMSIS/Device/ST/STM32L0xx/Include/stm32l031xx.h"
 307              		.file 5 "Drivers/STM32L0xx_HAL_Driver/Inc/stm32l0xx_hal_def.h"
 308              		.file 6 "Drivers/CMSIS/Device/ST/STM32L0xx/Include/system_stm32l0xx.h"
ARM GAS  /tmp/ccdBcJ4H.s 			page 10


DEFINED SYMBOLS
                            *ABS*:00000000 stm32l0xx_hal_pwr_ex.c
     /tmp/ccdBcJ4H.s:19     .text.HAL_PWREx_GetVoltageRange:00000000 $t
     /tmp/ccdBcJ4H.s:25     .text.HAL_PWREx_GetVoltageRange:00000000 HAL_PWREx_GetVoltageRange
     /tmp/ccdBcJ4H.s:46     .text.HAL_PWREx_GetVoltageRange:0000000c $d
     /tmp/ccdBcJ4H.s:51     .text.HAL_PWREx_EnableFastWakeUp:00000000 $t
     /tmp/ccdBcJ4H.s:57     .text.HAL_PWREx_EnableFastWakeUp:00000000 HAL_PWREx_EnableFastWakeUp
     /tmp/ccdBcJ4H.s:77     .text.HAL_PWREx_EnableFastWakeUp:00000010 $d
     /tmp/ccdBcJ4H.s:82     .text.HAL_PWREx_DisableFastWakeUp:00000000 $t
     /tmp/ccdBcJ4H.s:88     .text.HAL_PWREx_DisableFastWakeUp:00000000 HAL_PWREx_DisableFastWakeUp
     /tmp/ccdBcJ4H.s:107    .text.HAL_PWREx_DisableFastWakeUp:0000000c $d
     /tmp/ccdBcJ4H.s:113    .text.HAL_PWREx_EnableUltraLowPower:00000000 $t
     /tmp/ccdBcJ4H.s:119    .text.HAL_PWREx_EnableUltraLowPower:00000000 HAL_PWREx_EnableUltraLowPower
     /tmp/ccdBcJ4H.s:139    .text.HAL_PWREx_EnableUltraLowPower:00000010 $d
     /tmp/ccdBcJ4H.s:144    .text.HAL_PWREx_DisableUltraLowPower:00000000 $t
     /tmp/ccdBcJ4H.s:150    .text.HAL_PWREx_DisableUltraLowPower:00000000 HAL_PWREx_DisableUltraLowPower
     /tmp/ccdBcJ4H.s:169    .text.HAL_PWREx_DisableUltraLowPower:0000000c $d
     /tmp/ccdBcJ4H.s:175    .text.HAL_PWREx_EnableLowPowerRunMode:00000000 $t
     /tmp/ccdBcJ4H.s:181    .text.HAL_PWREx_EnableLowPowerRunMode:00000000 HAL_PWREx_EnableLowPowerRunMode
     /tmp/ccdBcJ4H.s:206    .text.HAL_PWREx_EnableLowPowerRunMode:00000018 $d
     /tmp/ccdBcJ4H.s:212    .text.HAL_PWREx_DisableLowPowerRunMode:00000000 $t
     /tmp/ccdBcJ4H.s:218    .text.HAL_PWREx_DisableLowPowerRunMode:00000000 HAL_PWREx_DisableLowPowerRunMode
     /tmp/ccdBcJ4H.s:295    .text.HAL_PWREx_DisableLowPowerRunMode:00000044 $d

UNDEFINED SYMBOLS
__aeabi_uidiv
SystemCoreClock
