ARM GAS  /tmp/ccop5LOa.s 			page 1


   1              		.cpu cortex-m0plus
   2              		.arch armv6s-m
   3              		.fpu softvfp
   4              		.eabi_attribute 20, 1
   5              		.eabi_attribute 21, 1
   6              		.eabi_attribute 23, 3
   7              		.eabi_attribute 24, 1
   8              		.eabi_attribute 25, 1
   9              		.eabi_attribute 26, 1
  10              		.eabi_attribute 30, 1
  11              		.eabi_attribute 34, 0
  12              		.eabi_attribute 18, 4
  13              		.file	"stm32l0xx_hal_flash_ramfunc.c"
  14              		.text
  15              	.Ltext0:
  16              		.cfi_sections	.debug_frame
  17              		.file 1 "Drivers/STM32L0xx_HAL_Driver/Src/stm32l0xx_hal_flash_ramfunc.c"
  18              		.section	.RamFunc,"ax",%progbits
  19              		.align	1
  20              		.syntax unified
  21              		.code	16
  22              		.thumb_func
  24              	FLASHRAM_SetErrorCode:
  25              	.LFB44:
   1:Drivers/STM32L0xx_HAL_Driver/Src/stm32l0xx_hal_flash_ramfunc.c **** /**
   2:Drivers/STM32L0xx_HAL_Driver/Src/stm32l0xx_hal_flash_ramfunc.c ****   ******************************************************************************
   3:Drivers/STM32L0xx_HAL_Driver/Src/stm32l0xx_hal_flash_ramfunc.c ****   * @file    stm32l0xx_hal_flash_ramfunc.c
   4:Drivers/STM32L0xx_HAL_Driver/Src/stm32l0xx_hal_flash_ramfunc.c ****   * @author  MCD Application Team
   5:Drivers/STM32L0xx_HAL_Driver/Src/stm32l0xx_hal_flash_ramfunc.c ****   * @brief   FLASH RAMFUNC driver.
   6:Drivers/STM32L0xx_HAL_Driver/Src/stm32l0xx_hal_flash_ramfunc.c ****   *          This file provides a Flash firmware functions which should be 
   7:Drivers/STM32L0xx_HAL_Driver/Src/stm32l0xx_hal_flash_ramfunc.c ****   *          executed from internal SRAM
   8:Drivers/STM32L0xx_HAL_Driver/Src/stm32l0xx_hal_flash_ramfunc.c ****   *
   9:Drivers/STM32L0xx_HAL_Driver/Src/stm32l0xx_hal_flash_ramfunc.c ****   *  @verbatim
  10:Drivers/STM32L0xx_HAL_Driver/Src/stm32l0xx_hal_flash_ramfunc.c **** 
  11:Drivers/STM32L0xx_HAL_Driver/Src/stm32l0xx_hal_flash_ramfunc.c ****     *** ARM Compiler ***
  12:Drivers/STM32L0xx_HAL_Driver/Src/stm32l0xx_hal_flash_ramfunc.c ****     --------------------
  13:Drivers/STM32L0xx_HAL_Driver/Src/stm32l0xx_hal_flash_ramfunc.c ****     [..] RAM functions are defined using the toolchain options. 
  14:Drivers/STM32L0xx_HAL_Driver/Src/stm32l0xx_hal_flash_ramfunc.c ****          Functions that are be executed in RAM should reside in a separate
  15:Drivers/STM32L0xx_HAL_Driver/Src/stm32l0xx_hal_flash_ramfunc.c ****          source module. Using the 'Options for File' dialog you can simply change
  16:Drivers/STM32L0xx_HAL_Driver/Src/stm32l0xx_hal_flash_ramfunc.c ****          the 'Code / Const' area of a module to a memory space in physical RAM.
  17:Drivers/STM32L0xx_HAL_Driver/Src/stm32l0xx_hal_flash_ramfunc.c ****          Available memory areas are declared in the 'Target' tab of the 
  18:Drivers/STM32L0xx_HAL_Driver/Src/stm32l0xx_hal_flash_ramfunc.c ****          Options for Target' dialog.
  19:Drivers/STM32L0xx_HAL_Driver/Src/stm32l0xx_hal_flash_ramfunc.c **** 
  20:Drivers/STM32L0xx_HAL_Driver/Src/stm32l0xx_hal_flash_ramfunc.c ****     *** ICCARM Compiler ***
  21:Drivers/STM32L0xx_HAL_Driver/Src/stm32l0xx_hal_flash_ramfunc.c ****     -----------------------
  22:Drivers/STM32L0xx_HAL_Driver/Src/stm32l0xx_hal_flash_ramfunc.c ****     [..] RAM functions are defined using a specific toolchain keyword "__ramfunc".
  23:Drivers/STM32L0xx_HAL_Driver/Src/stm32l0xx_hal_flash_ramfunc.c **** 
  24:Drivers/STM32L0xx_HAL_Driver/Src/stm32l0xx_hal_flash_ramfunc.c ****     *** GNU Compiler ***
  25:Drivers/STM32L0xx_HAL_Driver/Src/stm32l0xx_hal_flash_ramfunc.c ****     --------------------
  26:Drivers/STM32L0xx_HAL_Driver/Src/stm32l0xx_hal_flash_ramfunc.c ****     [..] RAM functions are defined using a specific toolchain attribute
  27:Drivers/STM32L0xx_HAL_Driver/Src/stm32l0xx_hal_flash_ramfunc.c ****          "__attribute__((section(".RamFunc")))".
  28:Drivers/STM32L0xx_HAL_Driver/Src/stm32l0xx_hal_flash_ramfunc.c **** 
  29:Drivers/STM32L0xx_HAL_Driver/Src/stm32l0xx_hal_flash_ramfunc.c **** @endverbatim
  30:Drivers/STM32L0xx_HAL_Driver/Src/stm32l0xx_hal_flash_ramfunc.c ****   ******************************************************************************
  31:Drivers/STM32L0xx_HAL_Driver/Src/stm32l0xx_hal_flash_ramfunc.c ****   * @attention
  32:Drivers/STM32L0xx_HAL_Driver/Src/stm32l0xx_hal_flash_ramfunc.c ****   *
  33:Drivers/STM32L0xx_HAL_Driver/Src/stm32l0xx_hal_flash_ramfunc.c ****   * Copyright (c) 2016 STMicroelectronics.
ARM GAS  /tmp/ccop5LOa.s 			page 2


  34:Drivers/STM32L0xx_HAL_Driver/Src/stm32l0xx_hal_flash_ramfunc.c ****   * All rights reserved.
  35:Drivers/STM32L0xx_HAL_Driver/Src/stm32l0xx_hal_flash_ramfunc.c ****   *
  36:Drivers/STM32L0xx_HAL_Driver/Src/stm32l0xx_hal_flash_ramfunc.c ****   * This software is licensed under terms that can be found in the LICENSE file in
  37:Drivers/STM32L0xx_HAL_Driver/Src/stm32l0xx_hal_flash_ramfunc.c ****   * the root directory of this software component.
  38:Drivers/STM32L0xx_HAL_Driver/Src/stm32l0xx_hal_flash_ramfunc.c ****   * If no LICENSE file comes with this software, it is provided AS-IS.
  39:Drivers/STM32L0xx_HAL_Driver/Src/stm32l0xx_hal_flash_ramfunc.c ****   ******************************************************************************
  40:Drivers/STM32L0xx_HAL_Driver/Src/stm32l0xx_hal_flash_ramfunc.c ****   */
  41:Drivers/STM32L0xx_HAL_Driver/Src/stm32l0xx_hal_flash_ramfunc.c **** 
  42:Drivers/STM32L0xx_HAL_Driver/Src/stm32l0xx_hal_flash_ramfunc.c **** /* Includes ------------------------------------------------------------------*/
  43:Drivers/STM32L0xx_HAL_Driver/Src/stm32l0xx_hal_flash_ramfunc.c **** #include "stm32l0xx_hal.h"
  44:Drivers/STM32L0xx_HAL_Driver/Src/stm32l0xx_hal_flash_ramfunc.c **** 
  45:Drivers/STM32L0xx_HAL_Driver/Src/stm32l0xx_hal_flash_ramfunc.c **** /** @addtogroup STM32L0xx_HAL_Driver
  46:Drivers/STM32L0xx_HAL_Driver/Src/stm32l0xx_hal_flash_ramfunc.c ****   * @{
  47:Drivers/STM32L0xx_HAL_Driver/Src/stm32l0xx_hal_flash_ramfunc.c ****   */
  48:Drivers/STM32L0xx_HAL_Driver/Src/stm32l0xx_hal_flash_ramfunc.c **** 
  49:Drivers/STM32L0xx_HAL_Driver/Src/stm32l0xx_hal_flash_ramfunc.c **** #ifdef HAL_FLASH_MODULE_ENABLED
  50:Drivers/STM32L0xx_HAL_Driver/Src/stm32l0xx_hal_flash_ramfunc.c **** 
  51:Drivers/STM32L0xx_HAL_Driver/Src/stm32l0xx_hal_flash_ramfunc.c **** /** @addtogroup FLASH
  52:Drivers/STM32L0xx_HAL_Driver/Src/stm32l0xx_hal_flash_ramfunc.c ****   * @{
  53:Drivers/STM32L0xx_HAL_Driver/Src/stm32l0xx_hal_flash_ramfunc.c ****   */
  54:Drivers/STM32L0xx_HAL_Driver/Src/stm32l0xx_hal_flash_ramfunc.c **** /** @addtogroup FLASH_Private_Variables
  55:Drivers/STM32L0xx_HAL_Driver/Src/stm32l0xx_hal_flash_ramfunc.c ****  * @{
  56:Drivers/STM32L0xx_HAL_Driver/Src/stm32l0xx_hal_flash_ramfunc.c ****  */
  57:Drivers/STM32L0xx_HAL_Driver/Src/stm32l0xx_hal_flash_ramfunc.c **** extern FLASH_ProcessTypeDef pFlash;
  58:Drivers/STM32L0xx_HAL_Driver/Src/stm32l0xx_hal_flash_ramfunc.c **** /**
  59:Drivers/STM32L0xx_HAL_Driver/Src/stm32l0xx_hal_flash_ramfunc.c ****   * @}
  60:Drivers/STM32L0xx_HAL_Driver/Src/stm32l0xx_hal_flash_ramfunc.c ****   */
  61:Drivers/STM32L0xx_HAL_Driver/Src/stm32l0xx_hal_flash_ramfunc.c **** 
  62:Drivers/STM32L0xx_HAL_Driver/Src/stm32l0xx_hal_flash_ramfunc.c **** /**
  63:Drivers/STM32L0xx_HAL_Driver/Src/stm32l0xx_hal_flash_ramfunc.c ****   * @}
  64:Drivers/STM32L0xx_HAL_Driver/Src/stm32l0xx_hal_flash_ramfunc.c ****   */
  65:Drivers/STM32L0xx_HAL_Driver/Src/stm32l0xx_hal_flash_ramfunc.c ****   
  66:Drivers/STM32L0xx_HAL_Driver/Src/stm32l0xx_hal_flash_ramfunc.c **** /** @defgroup FLASH_RAMFUNC FLASH_RAMFUNC
  67:Drivers/STM32L0xx_HAL_Driver/Src/stm32l0xx_hal_flash_ramfunc.c ****   * @brief FLASH functions executed from RAM
  68:Drivers/STM32L0xx_HAL_Driver/Src/stm32l0xx_hal_flash_ramfunc.c ****   * @{
  69:Drivers/STM32L0xx_HAL_Driver/Src/stm32l0xx_hal_flash_ramfunc.c ****   */ 
  70:Drivers/STM32L0xx_HAL_Driver/Src/stm32l0xx_hal_flash_ramfunc.c **** 
  71:Drivers/STM32L0xx_HAL_Driver/Src/stm32l0xx_hal_flash_ramfunc.c **** 
  72:Drivers/STM32L0xx_HAL_Driver/Src/stm32l0xx_hal_flash_ramfunc.c **** /* Private typedef -----------------------------------------------------------*/
  73:Drivers/STM32L0xx_HAL_Driver/Src/stm32l0xx_hal_flash_ramfunc.c **** /* Private define ------------------------------------------------------------*/
  74:Drivers/STM32L0xx_HAL_Driver/Src/stm32l0xx_hal_flash_ramfunc.c **** /* Private macro -------------------------------------------------------------*/
  75:Drivers/STM32L0xx_HAL_Driver/Src/stm32l0xx_hal_flash_ramfunc.c **** /* Private variables ---------------------------------------------------------*/
  76:Drivers/STM32L0xx_HAL_Driver/Src/stm32l0xx_hal_flash_ramfunc.c **** /* Private function prototypes -----------------------------------------------*/
  77:Drivers/STM32L0xx_HAL_Driver/Src/stm32l0xx_hal_flash_ramfunc.c **** /** @defgroup FLASH_RAMFUNC_Private_Functions FLASH RAM Private Functions
  78:Drivers/STM32L0xx_HAL_Driver/Src/stm32l0xx_hal_flash_ramfunc.c ****  * @{
  79:Drivers/STM32L0xx_HAL_Driver/Src/stm32l0xx_hal_flash_ramfunc.c ****  */
  80:Drivers/STM32L0xx_HAL_Driver/Src/stm32l0xx_hal_flash_ramfunc.c **** 
  81:Drivers/STM32L0xx_HAL_Driver/Src/stm32l0xx_hal_flash_ramfunc.c **** static __RAM_FUNC HAL_StatusTypeDef FLASHRAM_WaitForLastOperation(uint32_t Timeout);
  82:Drivers/STM32L0xx_HAL_Driver/Src/stm32l0xx_hal_flash_ramfunc.c **** static __RAM_FUNC HAL_StatusTypeDef FLASHRAM_SetErrorCode(void);
  83:Drivers/STM32L0xx_HAL_Driver/Src/stm32l0xx_hal_flash_ramfunc.c **** 
  84:Drivers/STM32L0xx_HAL_Driver/Src/stm32l0xx_hal_flash_ramfunc.c **** /**
  85:Drivers/STM32L0xx_HAL_Driver/Src/stm32l0xx_hal_flash_ramfunc.c ****   * @}
  86:Drivers/STM32L0xx_HAL_Driver/Src/stm32l0xx_hal_flash_ramfunc.c ****   */
  87:Drivers/STM32L0xx_HAL_Driver/Src/stm32l0xx_hal_flash_ramfunc.c **** 
  88:Drivers/STM32L0xx_HAL_Driver/Src/stm32l0xx_hal_flash_ramfunc.c **** /* Private functions ---------------------------------------------------------*/
  89:Drivers/STM32L0xx_HAL_Driver/Src/stm32l0xx_hal_flash_ramfunc.c ****  
  90:Drivers/STM32L0xx_HAL_Driver/Src/stm32l0xx_hal_flash_ramfunc.c **** /** @defgroup FLASH_RAMFUNC_Exported_Functions FLASH RAM Exported Functions
ARM GAS  /tmp/ccop5LOa.s 			page 3


  91:Drivers/STM32L0xx_HAL_Driver/Src/stm32l0xx_hal_flash_ramfunc.c ****  *
  92:Drivers/STM32L0xx_HAL_Driver/Src/stm32l0xx_hal_flash_ramfunc.c **** @verbatim  
  93:Drivers/STM32L0xx_HAL_Driver/Src/stm32l0xx_hal_flash_ramfunc.c ****  ===============================================================================
  94:Drivers/STM32L0xx_HAL_Driver/Src/stm32l0xx_hal_flash_ramfunc.c ****                       ##### ramfunc functions #####
  95:Drivers/STM32L0xx_HAL_Driver/Src/stm32l0xx_hal_flash_ramfunc.c ****  ===============================================================================  
  96:Drivers/STM32L0xx_HAL_Driver/Src/stm32l0xx_hal_flash_ramfunc.c ****     [..]
  97:Drivers/STM32L0xx_HAL_Driver/Src/stm32l0xx_hal_flash_ramfunc.c ****     This subsection provides a set of functions that should be executed from RAM 
  98:Drivers/STM32L0xx_HAL_Driver/Src/stm32l0xx_hal_flash_ramfunc.c ****     transfers.
  99:Drivers/STM32L0xx_HAL_Driver/Src/stm32l0xx_hal_flash_ramfunc.c **** 
 100:Drivers/STM32L0xx_HAL_Driver/Src/stm32l0xx_hal_flash_ramfunc.c **** @endverbatim
 101:Drivers/STM32L0xx_HAL_Driver/Src/stm32l0xx_hal_flash_ramfunc.c ****   * @{
 102:Drivers/STM32L0xx_HAL_Driver/Src/stm32l0xx_hal_flash_ramfunc.c ****   */ 
 103:Drivers/STM32L0xx_HAL_Driver/Src/stm32l0xx_hal_flash_ramfunc.c **** 
 104:Drivers/STM32L0xx_HAL_Driver/Src/stm32l0xx_hal_flash_ramfunc.c **** /** @defgroup FLASH_RAMFUNC_Exported_Functions_Group1 Peripheral features functions 
 105:Drivers/STM32L0xx_HAL_Driver/Src/stm32l0xx_hal_flash_ramfunc.c ****   * @{
 106:Drivers/STM32L0xx_HAL_Driver/Src/stm32l0xx_hal_flash_ramfunc.c ****   */  
 107:Drivers/STM32L0xx_HAL_Driver/Src/stm32l0xx_hal_flash_ramfunc.c **** 
 108:Drivers/STM32L0xx_HAL_Driver/Src/stm32l0xx_hal_flash_ramfunc.c **** /**
 109:Drivers/STM32L0xx_HAL_Driver/Src/stm32l0xx_hal_flash_ramfunc.c ****   * @brief  Enable  the power down mode during RUN mode.
 110:Drivers/STM32L0xx_HAL_Driver/Src/stm32l0xx_hal_flash_ramfunc.c ****   * @note  This function can be used only when the user code is running from Internal SRAM.
 111:Drivers/STM32L0xx_HAL_Driver/Src/stm32l0xx_hal_flash_ramfunc.c ****   * @retval HAL status
 112:Drivers/STM32L0xx_HAL_Driver/Src/stm32l0xx_hal_flash_ramfunc.c ****   */
 113:Drivers/STM32L0xx_HAL_Driver/Src/stm32l0xx_hal_flash_ramfunc.c **** __RAM_FUNC HAL_StatusTypeDef HAL_FLASHEx_EnableRunPowerDown(void)
 114:Drivers/STM32L0xx_HAL_Driver/Src/stm32l0xx_hal_flash_ramfunc.c **** {
 115:Drivers/STM32L0xx_HAL_Driver/Src/stm32l0xx_hal_flash_ramfunc.c ****   /* Enable the Power Down in Run mode*/
 116:Drivers/STM32L0xx_HAL_Driver/Src/stm32l0xx_hal_flash_ramfunc.c ****   __HAL_FLASH_POWER_DOWN_ENABLE();
 117:Drivers/STM32L0xx_HAL_Driver/Src/stm32l0xx_hal_flash_ramfunc.c **** 
 118:Drivers/STM32L0xx_HAL_Driver/Src/stm32l0xx_hal_flash_ramfunc.c ****   return HAL_OK;
 119:Drivers/STM32L0xx_HAL_Driver/Src/stm32l0xx_hal_flash_ramfunc.c **** }
 120:Drivers/STM32L0xx_HAL_Driver/Src/stm32l0xx_hal_flash_ramfunc.c **** 
 121:Drivers/STM32L0xx_HAL_Driver/Src/stm32l0xx_hal_flash_ramfunc.c **** /**
 122:Drivers/STM32L0xx_HAL_Driver/Src/stm32l0xx_hal_flash_ramfunc.c ****   * @brief  Disable the power down mode during RUN mode.
 123:Drivers/STM32L0xx_HAL_Driver/Src/stm32l0xx_hal_flash_ramfunc.c ****   * @note  This function can be used only when the user code is running from Internal SRAM.
 124:Drivers/STM32L0xx_HAL_Driver/Src/stm32l0xx_hal_flash_ramfunc.c ****   * @retval HAL status
 125:Drivers/STM32L0xx_HAL_Driver/Src/stm32l0xx_hal_flash_ramfunc.c ****   */
 126:Drivers/STM32L0xx_HAL_Driver/Src/stm32l0xx_hal_flash_ramfunc.c **** __RAM_FUNC HAL_StatusTypeDef HAL_FLASHEx_DisableRunPowerDown(void)
 127:Drivers/STM32L0xx_HAL_Driver/Src/stm32l0xx_hal_flash_ramfunc.c **** {
 128:Drivers/STM32L0xx_HAL_Driver/Src/stm32l0xx_hal_flash_ramfunc.c ****   /* Disable the Power Down in Run mode*/
 129:Drivers/STM32L0xx_HAL_Driver/Src/stm32l0xx_hal_flash_ramfunc.c ****   __HAL_FLASH_POWER_DOWN_DISABLE();
 130:Drivers/STM32L0xx_HAL_Driver/Src/stm32l0xx_hal_flash_ramfunc.c **** 
 131:Drivers/STM32L0xx_HAL_Driver/Src/stm32l0xx_hal_flash_ramfunc.c ****   return HAL_OK;  
 132:Drivers/STM32L0xx_HAL_Driver/Src/stm32l0xx_hal_flash_ramfunc.c **** }
 133:Drivers/STM32L0xx_HAL_Driver/Src/stm32l0xx_hal_flash_ramfunc.c **** 
 134:Drivers/STM32L0xx_HAL_Driver/Src/stm32l0xx_hal_flash_ramfunc.c **** /**
 135:Drivers/STM32L0xx_HAL_Driver/Src/stm32l0xx_hal_flash_ramfunc.c ****   * @}
 136:Drivers/STM32L0xx_HAL_Driver/Src/stm32l0xx_hal_flash_ramfunc.c ****   */
 137:Drivers/STM32L0xx_HAL_Driver/Src/stm32l0xx_hal_flash_ramfunc.c **** 
 138:Drivers/STM32L0xx_HAL_Driver/Src/stm32l0xx_hal_flash_ramfunc.c **** /** @defgroup FLASH_RAMFUNC_Exported_Functions_Group2 Programming and erasing operation functions 
 139:Drivers/STM32L0xx_HAL_Driver/Src/stm32l0xx_hal_flash_ramfunc.c ****  *
 140:Drivers/STM32L0xx_HAL_Driver/Src/stm32l0xx_hal_flash_ramfunc.c **** @verbatim  
 141:Drivers/STM32L0xx_HAL_Driver/Src/stm32l0xx_hal_flash_ramfunc.c **** @endverbatim
 142:Drivers/STM32L0xx_HAL_Driver/Src/stm32l0xx_hal_flash_ramfunc.c ****   * @{
 143:Drivers/STM32L0xx_HAL_Driver/Src/stm32l0xx_hal_flash_ramfunc.c ****   */
 144:Drivers/STM32L0xx_HAL_Driver/Src/stm32l0xx_hal_flash_ramfunc.c **** 
 145:Drivers/STM32L0xx_HAL_Driver/Src/stm32l0xx_hal_flash_ramfunc.c **** #if defined(FLASH_PECR_PARALLBANK)
 146:Drivers/STM32L0xx_HAL_Driver/Src/stm32l0xx_hal_flash_ramfunc.c **** /**
 147:Drivers/STM32L0xx_HAL_Driver/Src/stm32l0xx_hal_flash_ramfunc.c ****   * @brief  Erases a specified 2 pages in program memory in parallel.
ARM GAS  /tmp/ccop5LOa.s 			page 4


 148:Drivers/STM32L0xx_HAL_Driver/Src/stm32l0xx_hal_flash_ramfunc.c ****   * @note   This function can be used only for STM32L07xxx/STM32L08xxx  devices.
 149:Drivers/STM32L0xx_HAL_Driver/Src/stm32l0xx_hal_flash_ramfunc.c ****   *         To correctly run this function, the @ref HAL_FLASH_Unlock() function
 150:Drivers/STM32L0xx_HAL_Driver/Src/stm32l0xx_hal_flash_ramfunc.c ****   *         must be called before.
 151:Drivers/STM32L0xx_HAL_Driver/Src/stm32l0xx_hal_flash_ramfunc.c ****   *         Call the @ref HAL_FLASH_Lock() to disable the flash memory access 
 152:Drivers/STM32L0xx_HAL_Driver/Src/stm32l0xx_hal_flash_ramfunc.c ****   *        (recommended to protect the FLASH memory against possible unwanted operation).
 153:Drivers/STM32L0xx_HAL_Driver/Src/stm32l0xx_hal_flash_ramfunc.c ****   * @param  Page_Address1: The page address in program memory to be erased in 
 154:Drivers/STM32L0xx_HAL_Driver/Src/stm32l0xx_hal_flash_ramfunc.c ****   *         the first Bank (BANK1). This parameter should be between FLASH_BASE
 155:Drivers/STM32L0xx_HAL_Driver/Src/stm32l0xx_hal_flash_ramfunc.c ****   *         and FLASH_BANK1_END.
 156:Drivers/STM32L0xx_HAL_Driver/Src/stm32l0xx_hal_flash_ramfunc.c ****   * @param  Page_Address2: The page address in program memory to be erased in 
 157:Drivers/STM32L0xx_HAL_Driver/Src/stm32l0xx_hal_flash_ramfunc.c ****   *         the second Bank (BANK2). This parameter should be between FLASH_BANK2_BASE
 158:Drivers/STM32L0xx_HAL_Driver/Src/stm32l0xx_hal_flash_ramfunc.c ****   *         and FLASH_BANK2_END.
 159:Drivers/STM32L0xx_HAL_Driver/Src/stm32l0xx_hal_flash_ramfunc.c ****   * @note   A Page is erased in the Program memory only if the address to load 
 160:Drivers/STM32L0xx_HAL_Driver/Src/stm32l0xx_hal_flash_ramfunc.c ****   *         is the start address of a page (multiple of @ref FLASH_PAGE_SIZE bytes).
 161:Drivers/STM32L0xx_HAL_Driver/Src/stm32l0xx_hal_flash_ramfunc.c ****   * @retval HAL status
 162:Drivers/STM32L0xx_HAL_Driver/Src/stm32l0xx_hal_flash_ramfunc.c ****   */
 163:Drivers/STM32L0xx_HAL_Driver/Src/stm32l0xx_hal_flash_ramfunc.c **** __RAM_FUNC HAL_StatusTypeDef HAL_FLASHEx_EraseParallelPage(uint32_t Page_Address1, uint32_t Page_Ad
 164:Drivers/STM32L0xx_HAL_Driver/Src/stm32l0xx_hal_flash_ramfunc.c **** {
 165:Drivers/STM32L0xx_HAL_Driver/Src/stm32l0xx_hal_flash_ramfunc.c ****   HAL_StatusTypeDef status = HAL_OK;
 166:Drivers/STM32L0xx_HAL_Driver/Src/stm32l0xx_hal_flash_ramfunc.c **** 
 167:Drivers/STM32L0xx_HAL_Driver/Src/stm32l0xx_hal_flash_ramfunc.c ****   /* Wait for last operation to be completed */
 168:Drivers/STM32L0xx_HAL_Driver/Src/stm32l0xx_hal_flash_ramfunc.c ****   status = FLASHRAM_WaitForLastOperation(FLASH_TIMEOUT_VALUE);
 169:Drivers/STM32L0xx_HAL_Driver/Src/stm32l0xx_hal_flash_ramfunc.c ****   
 170:Drivers/STM32L0xx_HAL_Driver/Src/stm32l0xx_hal_flash_ramfunc.c ****   if(status == HAL_OK)
 171:Drivers/STM32L0xx_HAL_Driver/Src/stm32l0xx_hal_flash_ramfunc.c ****   {
 172:Drivers/STM32L0xx_HAL_Driver/Src/stm32l0xx_hal_flash_ramfunc.c ****     /* Proceed to erase the page */
 173:Drivers/STM32L0xx_HAL_Driver/Src/stm32l0xx_hal_flash_ramfunc.c ****     SET_BIT(FLASH->PECR, FLASH_PECR_PARALLBANK);
 174:Drivers/STM32L0xx_HAL_Driver/Src/stm32l0xx_hal_flash_ramfunc.c ****     SET_BIT(FLASH->PECR, FLASH_PECR_ERASE);
 175:Drivers/STM32L0xx_HAL_Driver/Src/stm32l0xx_hal_flash_ramfunc.c ****     SET_BIT(FLASH->PECR, FLASH_PECR_PROG);
 176:Drivers/STM32L0xx_HAL_Driver/Src/stm32l0xx_hal_flash_ramfunc.c ****   
 177:Drivers/STM32L0xx_HAL_Driver/Src/stm32l0xx_hal_flash_ramfunc.c ****     /* Write 00000000h to the first word of the first program page to erase */
 178:Drivers/STM32L0xx_HAL_Driver/Src/stm32l0xx_hal_flash_ramfunc.c ****     *(__IO uint32_t *)Page_Address1 = 0x00000000U;
 179:Drivers/STM32L0xx_HAL_Driver/Src/stm32l0xx_hal_flash_ramfunc.c ****     /* Write 00000000h to the first word of the second program page to erase */    
 180:Drivers/STM32L0xx_HAL_Driver/Src/stm32l0xx_hal_flash_ramfunc.c ****     *(__IO uint32_t *)Page_Address2 = 0x00000000U;
 181:Drivers/STM32L0xx_HAL_Driver/Src/stm32l0xx_hal_flash_ramfunc.c ****  
 182:Drivers/STM32L0xx_HAL_Driver/Src/stm32l0xx_hal_flash_ramfunc.c ****     /* Wait for last operation to be completed */
 183:Drivers/STM32L0xx_HAL_Driver/Src/stm32l0xx_hal_flash_ramfunc.c ****     status = FLASHRAM_WaitForLastOperation(FLASH_TIMEOUT_VALUE);
 184:Drivers/STM32L0xx_HAL_Driver/Src/stm32l0xx_hal_flash_ramfunc.c **** 
 185:Drivers/STM32L0xx_HAL_Driver/Src/stm32l0xx_hal_flash_ramfunc.c ****     /* If the erase operation is completed, disable the ERASE, PROG and PARALLBANK bits */
 186:Drivers/STM32L0xx_HAL_Driver/Src/stm32l0xx_hal_flash_ramfunc.c ****     CLEAR_BIT(FLASH->PECR, FLASH_PECR_PROG);
 187:Drivers/STM32L0xx_HAL_Driver/Src/stm32l0xx_hal_flash_ramfunc.c ****     CLEAR_BIT(FLASH->PECR, FLASH_PECR_ERASE);
 188:Drivers/STM32L0xx_HAL_Driver/Src/stm32l0xx_hal_flash_ramfunc.c ****     CLEAR_BIT(FLASH->PECR, FLASH_PECR_PARALLBANK);
 189:Drivers/STM32L0xx_HAL_Driver/Src/stm32l0xx_hal_flash_ramfunc.c ****   }     
 190:Drivers/STM32L0xx_HAL_Driver/Src/stm32l0xx_hal_flash_ramfunc.c ****   /* Return the Erase Status */
 191:Drivers/STM32L0xx_HAL_Driver/Src/stm32l0xx_hal_flash_ramfunc.c ****   return status;
 192:Drivers/STM32L0xx_HAL_Driver/Src/stm32l0xx_hal_flash_ramfunc.c **** }
 193:Drivers/STM32L0xx_HAL_Driver/Src/stm32l0xx_hal_flash_ramfunc.c **** 
 194:Drivers/STM32L0xx_HAL_Driver/Src/stm32l0xx_hal_flash_ramfunc.c **** /**
 195:Drivers/STM32L0xx_HAL_Driver/Src/stm32l0xx_hal_flash_ramfunc.c ****   * @brief  Program 2 half pages in program memory in parallel (half page size is 16 Words).
 196:Drivers/STM32L0xx_HAL_Driver/Src/stm32l0xx_hal_flash_ramfunc.c ****   * @note   This function can be used only for STM32L07xxx/STM32L08xxx  devices.
 197:Drivers/STM32L0xx_HAL_Driver/Src/stm32l0xx_hal_flash_ramfunc.c ****   * @param  Address1: specifies the first address to be written in the first bank 
 198:Drivers/STM32L0xx_HAL_Driver/Src/stm32l0xx_hal_flash_ramfunc.c ****   *        (BANK1). This parameter should be between FLASH_BASE and (FLASH_BANK1_END - FLASH_PAGE_S
 199:Drivers/STM32L0xx_HAL_Driver/Src/stm32l0xx_hal_flash_ramfunc.c ****   * @param  pBuffer1: pointer to the buffer  containing the data to be  written 
 200:Drivers/STM32L0xx_HAL_Driver/Src/stm32l0xx_hal_flash_ramfunc.c ****   *         to the first half page in the first bank.
 201:Drivers/STM32L0xx_HAL_Driver/Src/stm32l0xx_hal_flash_ramfunc.c ****   * @param  Address2: specifies the second address to be written in the second bank
 202:Drivers/STM32L0xx_HAL_Driver/Src/stm32l0xx_hal_flash_ramfunc.c ****   *        (BANK2). This parameter should be between FLASH_BANK2_BASE and (FLASH_BANK2_END - FLASH_
 203:Drivers/STM32L0xx_HAL_Driver/Src/stm32l0xx_hal_flash_ramfunc.c ****   * @param  pBuffer2: pointer to the buffer containing the data to be  written 
 204:Drivers/STM32L0xx_HAL_Driver/Src/stm32l0xx_hal_flash_ramfunc.c ****   *         to the second half page in the second bank.
ARM GAS  /tmp/ccop5LOa.s 			page 5


 205:Drivers/STM32L0xx_HAL_Driver/Src/stm32l0xx_hal_flash_ramfunc.c ****   * @note   To correctly run this function, the @ref HAL_FLASH_Unlock() function
 206:Drivers/STM32L0xx_HAL_Driver/Src/stm32l0xx_hal_flash_ramfunc.c ****   *         must be called before.
 207:Drivers/STM32L0xx_HAL_Driver/Src/stm32l0xx_hal_flash_ramfunc.c ****   *         Call the @ref HAL_FLASH_Lock() to disable the flash memory access  
 208:Drivers/STM32L0xx_HAL_Driver/Src/stm32l0xx_hal_flash_ramfunc.c ****   *         (recommended to protect the FLASH memory against possible unwanted operation).
 209:Drivers/STM32L0xx_HAL_Driver/Src/stm32l0xx_hal_flash_ramfunc.c ****   * @note   Half page write is possible only from SRAM.
 210:Drivers/STM32L0xx_HAL_Driver/Src/stm32l0xx_hal_flash_ramfunc.c ****   * @note   A half page is written to the program memory only if the first 
 211:Drivers/STM32L0xx_HAL_Driver/Src/stm32l0xx_hal_flash_ramfunc.c ****   *         address to load is the start address of a half page (multiple of 64 
 212:Drivers/STM32L0xx_HAL_Driver/Src/stm32l0xx_hal_flash_ramfunc.c ****   *         bytes) and the 15 remaining words to load are in the same half page.
 213:Drivers/STM32L0xx_HAL_Driver/Src/stm32l0xx_hal_flash_ramfunc.c ****   * @note   During the Program memory half page write all read operations are 
 214:Drivers/STM32L0xx_HAL_Driver/Src/stm32l0xx_hal_flash_ramfunc.c ****   *         forbidden (this includes DMA read operations and debugger read 
 215:Drivers/STM32L0xx_HAL_Driver/Src/stm32l0xx_hal_flash_ramfunc.c ****   *         operations such as breakpoints, periodic updates, etc.).
 216:Drivers/STM32L0xx_HAL_Driver/Src/stm32l0xx_hal_flash_ramfunc.c ****   * @note   If a PGAERR is set during a Program memory half page write, the 
 217:Drivers/STM32L0xx_HAL_Driver/Src/stm32l0xx_hal_flash_ramfunc.c ****   *         complete write operation is aborted. Software should then reset the 
 218:Drivers/STM32L0xx_HAL_Driver/Src/stm32l0xx_hal_flash_ramfunc.c ****   *         FPRG and PROG/DATA bits and restart the write operation from the 
 219:Drivers/STM32L0xx_HAL_Driver/Src/stm32l0xx_hal_flash_ramfunc.c ****   *         beginning.
 220:Drivers/STM32L0xx_HAL_Driver/Src/stm32l0xx_hal_flash_ramfunc.c ****   * @retval HAL status
 221:Drivers/STM32L0xx_HAL_Driver/Src/stm32l0xx_hal_flash_ramfunc.c ****   */
 222:Drivers/STM32L0xx_HAL_Driver/Src/stm32l0xx_hal_flash_ramfunc.c **** __RAM_FUNC HAL_StatusTypeDef HAL_FLASHEx_ProgramParallelHalfPage(uint32_t Address1, uint32_t* pBuff
 223:Drivers/STM32L0xx_HAL_Driver/Src/stm32l0xx_hal_flash_ramfunc.c **** {
 224:Drivers/STM32L0xx_HAL_Driver/Src/stm32l0xx_hal_flash_ramfunc.c ****   uint32_t count = 0U; 
 225:Drivers/STM32L0xx_HAL_Driver/Src/stm32l0xx_hal_flash_ramfunc.c ****   HAL_StatusTypeDef status = HAL_OK;
 226:Drivers/STM32L0xx_HAL_Driver/Src/stm32l0xx_hal_flash_ramfunc.c **** 
 227:Drivers/STM32L0xx_HAL_Driver/Src/stm32l0xx_hal_flash_ramfunc.c ****   /* Wait for last operation to be completed */
 228:Drivers/STM32L0xx_HAL_Driver/Src/stm32l0xx_hal_flash_ramfunc.c ****   status = FLASHRAM_WaitForLastOperation(FLASH_TIMEOUT_VALUE);
 229:Drivers/STM32L0xx_HAL_Driver/Src/stm32l0xx_hal_flash_ramfunc.c ****   
 230:Drivers/STM32L0xx_HAL_Driver/Src/stm32l0xx_hal_flash_ramfunc.c ****   if(status == HAL_OK)
 231:Drivers/STM32L0xx_HAL_Driver/Src/stm32l0xx_hal_flash_ramfunc.c ****   {
 232:Drivers/STM32L0xx_HAL_Driver/Src/stm32l0xx_hal_flash_ramfunc.c ****     /* Proceed to program the new half page */
 233:Drivers/STM32L0xx_HAL_Driver/Src/stm32l0xx_hal_flash_ramfunc.c ****     SET_BIT(FLASH->PECR, FLASH_PECR_PARALLBANK);
 234:Drivers/STM32L0xx_HAL_Driver/Src/stm32l0xx_hal_flash_ramfunc.c ****     SET_BIT(FLASH->PECR, FLASH_PECR_FPRG);
 235:Drivers/STM32L0xx_HAL_Driver/Src/stm32l0xx_hal_flash_ramfunc.c ****     SET_BIT(FLASH->PECR, FLASH_PECR_PROG);
 236:Drivers/STM32L0xx_HAL_Driver/Src/stm32l0xx_hal_flash_ramfunc.c **** 
 237:Drivers/STM32L0xx_HAL_Driver/Src/stm32l0xx_hal_flash_ramfunc.c ****     /* Wait for last operation to be completed */
 238:Drivers/STM32L0xx_HAL_Driver/Src/stm32l0xx_hal_flash_ramfunc.c ****     status = FLASHRAM_WaitForLastOperation(FLASH_TIMEOUT_VALUE);
 239:Drivers/STM32L0xx_HAL_Driver/Src/stm32l0xx_hal_flash_ramfunc.c ****     if(status == HAL_OK)
 240:Drivers/STM32L0xx_HAL_Driver/Src/stm32l0xx_hal_flash_ramfunc.c ****     {
 241:Drivers/STM32L0xx_HAL_Driver/Src/stm32l0xx_hal_flash_ramfunc.c ****       /* Disable all IRQs */
 242:Drivers/STM32L0xx_HAL_Driver/Src/stm32l0xx_hal_flash_ramfunc.c ****       __disable_irq();
 243:Drivers/STM32L0xx_HAL_Driver/Src/stm32l0xx_hal_flash_ramfunc.c **** 
 244:Drivers/STM32L0xx_HAL_Driver/Src/stm32l0xx_hal_flash_ramfunc.c ****       /* Write the first half page directly with 16 different words */
 245:Drivers/STM32L0xx_HAL_Driver/Src/stm32l0xx_hal_flash_ramfunc.c ****       while(count < 16U)
 246:Drivers/STM32L0xx_HAL_Driver/Src/stm32l0xx_hal_flash_ramfunc.c ****       {
 247:Drivers/STM32L0xx_HAL_Driver/Src/stm32l0xx_hal_flash_ramfunc.c ****         /* Address1 doesn't need to be increased */ 
 248:Drivers/STM32L0xx_HAL_Driver/Src/stm32l0xx_hal_flash_ramfunc.c ****         *(__IO uint32_t*) Address1 = *pBuffer1;
 249:Drivers/STM32L0xx_HAL_Driver/Src/stm32l0xx_hal_flash_ramfunc.c ****         pBuffer1++;
 250:Drivers/STM32L0xx_HAL_Driver/Src/stm32l0xx_hal_flash_ramfunc.c ****         count ++;  
 251:Drivers/STM32L0xx_HAL_Driver/Src/stm32l0xx_hal_flash_ramfunc.c ****       }
 252:Drivers/STM32L0xx_HAL_Driver/Src/stm32l0xx_hal_flash_ramfunc.c **** 
 253:Drivers/STM32L0xx_HAL_Driver/Src/stm32l0xx_hal_flash_ramfunc.c ****       /* Write the second half page directly with 16 different words */
 254:Drivers/STM32L0xx_HAL_Driver/Src/stm32l0xx_hal_flash_ramfunc.c ****       count = 0U;
 255:Drivers/STM32L0xx_HAL_Driver/Src/stm32l0xx_hal_flash_ramfunc.c ****       while(count < 16U)
 256:Drivers/STM32L0xx_HAL_Driver/Src/stm32l0xx_hal_flash_ramfunc.c ****       {
 257:Drivers/STM32L0xx_HAL_Driver/Src/stm32l0xx_hal_flash_ramfunc.c ****         /* Address2 doesn't need to be increased */ 
 258:Drivers/STM32L0xx_HAL_Driver/Src/stm32l0xx_hal_flash_ramfunc.c ****         *(__IO uint32_t*) Address2 = *pBuffer2;
 259:Drivers/STM32L0xx_HAL_Driver/Src/stm32l0xx_hal_flash_ramfunc.c ****         pBuffer2++;
 260:Drivers/STM32L0xx_HAL_Driver/Src/stm32l0xx_hal_flash_ramfunc.c ****         count ++;  
 261:Drivers/STM32L0xx_HAL_Driver/Src/stm32l0xx_hal_flash_ramfunc.c ****       }
ARM GAS  /tmp/ccop5LOa.s 			page 6


 262:Drivers/STM32L0xx_HAL_Driver/Src/stm32l0xx_hal_flash_ramfunc.c **** 
 263:Drivers/STM32L0xx_HAL_Driver/Src/stm32l0xx_hal_flash_ramfunc.c ****       /* Enable IRQs */
 264:Drivers/STM32L0xx_HAL_Driver/Src/stm32l0xx_hal_flash_ramfunc.c ****       __enable_irq();
 265:Drivers/STM32L0xx_HAL_Driver/Src/stm32l0xx_hal_flash_ramfunc.c **** 
 266:Drivers/STM32L0xx_HAL_Driver/Src/stm32l0xx_hal_flash_ramfunc.c ****       /* Wait for last operation to be completed */
 267:Drivers/STM32L0xx_HAL_Driver/Src/stm32l0xx_hal_flash_ramfunc.c ****       status = FLASHRAM_WaitForLastOperation(FLASH_TIMEOUT_VALUE);
 268:Drivers/STM32L0xx_HAL_Driver/Src/stm32l0xx_hal_flash_ramfunc.c ****     }
 269:Drivers/STM32L0xx_HAL_Driver/Src/stm32l0xx_hal_flash_ramfunc.c **** 
 270:Drivers/STM32L0xx_HAL_Driver/Src/stm32l0xx_hal_flash_ramfunc.c ****     /* if the write operation is completed, disable the PROG, FPRG and PARALLBANK bits */
 271:Drivers/STM32L0xx_HAL_Driver/Src/stm32l0xx_hal_flash_ramfunc.c ****     CLEAR_BIT(FLASH->PECR, FLASH_PECR_PROG);
 272:Drivers/STM32L0xx_HAL_Driver/Src/stm32l0xx_hal_flash_ramfunc.c ****     CLEAR_BIT(FLASH->PECR, FLASH_PECR_FPRG);
 273:Drivers/STM32L0xx_HAL_Driver/Src/stm32l0xx_hal_flash_ramfunc.c ****     CLEAR_BIT(FLASH->PECR, FLASH_PECR_PARALLBANK);
 274:Drivers/STM32L0xx_HAL_Driver/Src/stm32l0xx_hal_flash_ramfunc.c ****   }
 275:Drivers/STM32L0xx_HAL_Driver/Src/stm32l0xx_hal_flash_ramfunc.c **** 
 276:Drivers/STM32L0xx_HAL_Driver/Src/stm32l0xx_hal_flash_ramfunc.c ****   /* Return the Write Status */
 277:Drivers/STM32L0xx_HAL_Driver/Src/stm32l0xx_hal_flash_ramfunc.c ****   return status;
 278:Drivers/STM32L0xx_HAL_Driver/Src/stm32l0xx_hal_flash_ramfunc.c **** }
 279:Drivers/STM32L0xx_HAL_Driver/Src/stm32l0xx_hal_flash_ramfunc.c **** #endif /* FLASH_PECR_PARALLBANK */
 280:Drivers/STM32L0xx_HAL_Driver/Src/stm32l0xx_hal_flash_ramfunc.c **** 
 281:Drivers/STM32L0xx_HAL_Driver/Src/stm32l0xx_hal_flash_ramfunc.c **** /**
 282:Drivers/STM32L0xx_HAL_Driver/Src/stm32l0xx_hal_flash_ramfunc.c ****   * @brief  Program a half page in program memory.
 283:Drivers/STM32L0xx_HAL_Driver/Src/stm32l0xx_hal_flash_ramfunc.c ****   * @param  Address specifies the address to be written.
 284:Drivers/STM32L0xx_HAL_Driver/Src/stm32l0xx_hal_flash_ramfunc.c ****   * @param  pBuffer pointer to the buffer  containing the data to be  written to 
 285:Drivers/STM32L0xx_HAL_Driver/Src/stm32l0xx_hal_flash_ramfunc.c ****   *         the half page.
 286:Drivers/STM32L0xx_HAL_Driver/Src/stm32l0xx_hal_flash_ramfunc.c ****   * @note   To correctly run this function, the @ref HAL_FLASH_Unlock() function
 287:Drivers/STM32L0xx_HAL_Driver/Src/stm32l0xx_hal_flash_ramfunc.c ****   *         must be called before.
 288:Drivers/STM32L0xx_HAL_Driver/Src/stm32l0xx_hal_flash_ramfunc.c ****   *         Call the @ref HAL_FLASH_Lock() to disable the flash memory access  
 289:Drivers/STM32L0xx_HAL_Driver/Src/stm32l0xx_hal_flash_ramfunc.c ****   *         (recommended to protect the FLASH memory against possible unwanted operation)
 290:Drivers/STM32L0xx_HAL_Driver/Src/stm32l0xx_hal_flash_ramfunc.c ****   * @note   Half page write is possible only from SRAM.
 291:Drivers/STM32L0xx_HAL_Driver/Src/stm32l0xx_hal_flash_ramfunc.c ****   * @note   A half page is written to the program memory only if the first 
 292:Drivers/STM32L0xx_HAL_Driver/Src/stm32l0xx_hal_flash_ramfunc.c ****   *         address to load is the start address of a half page (multiple of 64 
 293:Drivers/STM32L0xx_HAL_Driver/Src/stm32l0xx_hal_flash_ramfunc.c ****   *         bytes) and the 15 remaining words to load are in the same half page.
 294:Drivers/STM32L0xx_HAL_Driver/Src/stm32l0xx_hal_flash_ramfunc.c ****   * @note   During the Program memory half page write all read operations are 
 295:Drivers/STM32L0xx_HAL_Driver/Src/stm32l0xx_hal_flash_ramfunc.c ****   *         forbidden (this includes DMA read operations and debugger read 
 296:Drivers/STM32L0xx_HAL_Driver/Src/stm32l0xx_hal_flash_ramfunc.c ****   *         operations such as breakpoints, periodic updates, etc.).
 297:Drivers/STM32L0xx_HAL_Driver/Src/stm32l0xx_hal_flash_ramfunc.c ****   * @note   If a PGAERR is set during a Program memory half page write, the 
 298:Drivers/STM32L0xx_HAL_Driver/Src/stm32l0xx_hal_flash_ramfunc.c ****   *         complete write operation is aborted. Software should then reset the 
 299:Drivers/STM32L0xx_HAL_Driver/Src/stm32l0xx_hal_flash_ramfunc.c ****   *         FPRG and PROG/DATA bits and restart the write operation from the 
 300:Drivers/STM32L0xx_HAL_Driver/Src/stm32l0xx_hal_flash_ramfunc.c ****   *         beginning.
 301:Drivers/STM32L0xx_HAL_Driver/Src/stm32l0xx_hal_flash_ramfunc.c ****   * @retval HAL status
 302:Drivers/STM32L0xx_HAL_Driver/Src/stm32l0xx_hal_flash_ramfunc.c ****   */
 303:Drivers/STM32L0xx_HAL_Driver/Src/stm32l0xx_hal_flash_ramfunc.c **** __RAM_FUNC HAL_StatusTypeDef HAL_FLASHEx_HalfPageProgram(uint32_t Address, uint32_t* pBuffer)
 304:Drivers/STM32L0xx_HAL_Driver/Src/stm32l0xx_hal_flash_ramfunc.c **** {
 305:Drivers/STM32L0xx_HAL_Driver/Src/stm32l0xx_hal_flash_ramfunc.c ****   uint32_t count = 0U; 
 306:Drivers/STM32L0xx_HAL_Driver/Src/stm32l0xx_hal_flash_ramfunc.c ****   HAL_StatusTypeDef status = HAL_OK;
 307:Drivers/STM32L0xx_HAL_Driver/Src/stm32l0xx_hal_flash_ramfunc.c **** 
 308:Drivers/STM32L0xx_HAL_Driver/Src/stm32l0xx_hal_flash_ramfunc.c ****   /* Wait for last operation to be completed */
 309:Drivers/STM32L0xx_HAL_Driver/Src/stm32l0xx_hal_flash_ramfunc.c ****   status = FLASHRAM_WaitForLastOperation(FLASH_TIMEOUT_VALUE);
 310:Drivers/STM32L0xx_HAL_Driver/Src/stm32l0xx_hal_flash_ramfunc.c ****   
 311:Drivers/STM32L0xx_HAL_Driver/Src/stm32l0xx_hal_flash_ramfunc.c ****   if(status == HAL_OK)
 312:Drivers/STM32L0xx_HAL_Driver/Src/stm32l0xx_hal_flash_ramfunc.c ****   {
 313:Drivers/STM32L0xx_HAL_Driver/Src/stm32l0xx_hal_flash_ramfunc.c ****     /* Proceed to program the new half page */
 314:Drivers/STM32L0xx_HAL_Driver/Src/stm32l0xx_hal_flash_ramfunc.c ****     SET_BIT(FLASH->PECR, FLASH_PECR_FPRG);
 315:Drivers/STM32L0xx_HAL_Driver/Src/stm32l0xx_hal_flash_ramfunc.c ****     SET_BIT(FLASH->PECR, FLASH_PECR_PROG);
 316:Drivers/STM32L0xx_HAL_Driver/Src/stm32l0xx_hal_flash_ramfunc.c ****     
 317:Drivers/STM32L0xx_HAL_Driver/Src/stm32l0xx_hal_flash_ramfunc.c ****     /* Disable all IRQs */
 318:Drivers/STM32L0xx_HAL_Driver/Src/stm32l0xx_hal_flash_ramfunc.c ****     __disable_irq();
ARM GAS  /tmp/ccop5LOa.s 			page 7


 319:Drivers/STM32L0xx_HAL_Driver/Src/stm32l0xx_hal_flash_ramfunc.c **** 
 320:Drivers/STM32L0xx_HAL_Driver/Src/stm32l0xx_hal_flash_ramfunc.c ****     /* Write one half page directly with 16 different words */
 321:Drivers/STM32L0xx_HAL_Driver/Src/stm32l0xx_hal_flash_ramfunc.c ****     while(count < 16U)
 322:Drivers/STM32L0xx_HAL_Driver/Src/stm32l0xx_hal_flash_ramfunc.c ****     {
 323:Drivers/STM32L0xx_HAL_Driver/Src/stm32l0xx_hal_flash_ramfunc.c ****       /* Address doesn't need to be increased */ 
 324:Drivers/STM32L0xx_HAL_Driver/Src/stm32l0xx_hal_flash_ramfunc.c ****       *(__IO uint32_t*) Address = *pBuffer;
 325:Drivers/STM32L0xx_HAL_Driver/Src/stm32l0xx_hal_flash_ramfunc.c ****       pBuffer++;
 326:Drivers/STM32L0xx_HAL_Driver/Src/stm32l0xx_hal_flash_ramfunc.c ****       count ++;  
 327:Drivers/STM32L0xx_HAL_Driver/Src/stm32l0xx_hal_flash_ramfunc.c ****     }
 328:Drivers/STM32L0xx_HAL_Driver/Src/stm32l0xx_hal_flash_ramfunc.c **** 
 329:Drivers/STM32L0xx_HAL_Driver/Src/stm32l0xx_hal_flash_ramfunc.c ****     /* Enable IRQs */
 330:Drivers/STM32L0xx_HAL_Driver/Src/stm32l0xx_hal_flash_ramfunc.c ****     __enable_irq();
 331:Drivers/STM32L0xx_HAL_Driver/Src/stm32l0xx_hal_flash_ramfunc.c **** 
 332:Drivers/STM32L0xx_HAL_Driver/Src/stm32l0xx_hal_flash_ramfunc.c ****     /* Wait for last operation to be completed */
 333:Drivers/STM32L0xx_HAL_Driver/Src/stm32l0xx_hal_flash_ramfunc.c ****     status = FLASHRAM_WaitForLastOperation(FLASH_TIMEOUT_VALUE);
 334:Drivers/STM32L0xx_HAL_Driver/Src/stm32l0xx_hal_flash_ramfunc.c ****  
 335:Drivers/STM32L0xx_HAL_Driver/Src/stm32l0xx_hal_flash_ramfunc.c ****     /* If the write operation is completed, disable the PROG and FPRG bits */
 336:Drivers/STM32L0xx_HAL_Driver/Src/stm32l0xx_hal_flash_ramfunc.c ****     CLEAR_BIT(FLASH->PECR, FLASH_PECR_PROG);
 337:Drivers/STM32L0xx_HAL_Driver/Src/stm32l0xx_hal_flash_ramfunc.c ****     CLEAR_BIT(FLASH->PECR, FLASH_PECR_FPRG);
 338:Drivers/STM32L0xx_HAL_Driver/Src/stm32l0xx_hal_flash_ramfunc.c ****   }
 339:Drivers/STM32L0xx_HAL_Driver/Src/stm32l0xx_hal_flash_ramfunc.c **** 
 340:Drivers/STM32L0xx_HAL_Driver/Src/stm32l0xx_hal_flash_ramfunc.c ****   /* Return the Write Status */
 341:Drivers/STM32L0xx_HAL_Driver/Src/stm32l0xx_hal_flash_ramfunc.c ****   return status;
 342:Drivers/STM32L0xx_HAL_Driver/Src/stm32l0xx_hal_flash_ramfunc.c **** }
 343:Drivers/STM32L0xx_HAL_Driver/Src/stm32l0xx_hal_flash_ramfunc.c **** 
 344:Drivers/STM32L0xx_HAL_Driver/Src/stm32l0xx_hal_flash_ramfunc.c **** /**
 345:Drivers/STM32L0xx_HAL_Driver/Src/stm32l0xx_hal_flash_ramfunc.c ****   * @}
 346:Drivers/STM32L0xx_HAL_Driver/Src/stm32l0xx_hal_flash_ramfunc.c ****   */
 347:Drivers/STM32L0xx_HAL_Driver/Src/stm32l0xx_hal_flash_ramfunc.c **** 
 348:Drivers/STM32L0xx_HAL_Driver/Src/stm32l0xx_hal_flash_ramfunc.c **** /** @defgroup FLASH_RAMFUNC_Exported_Functions_Group3 Peripheral errors functions 
 349:Drivers/STM32L0xx_HAL_Driver/Src/stm32l0xx_hal_flash_ramfunc.c ****  *  @brief    Peripheral errors functions 
 350:Drivers/STM32L0xx_HAL_Driver/Src/stm32l0xx_hal_flash_ramfunc.c ****  *
 351:Drivers/STM32L0xx_HAL_Driver/Src/stm32l0xx_hal_flash_ramfunc.c **** @verbatim   
 352:Drivers/STM32L0xx_HAL_Driver/Src/stm32l0xx_hal_flash_ramfunc.c ****  ===============================================================================
 353:Drivers/STM32L0xx_HAL_Driver/Src/stm32l0xx_hal_flash_ramfunc.c ****                       ##### Peripheral errors functions #####
 354:Drivers/STM32L0xx_HAL_Driver/Src/stm32l0xx_hal_flash_ramfunc.c ****  ===============================================================================  
 355:Drivers/STM32L0xx_HAL_Driver/Src/stm32l0xx_hal_flash_ramfunc.c ****     [..]
 356:Drivers/STM32L0xx_HAL_Driver/Src/stm32l0xx_hal_flash_ramfunc.c ****     This subsection permit to get in run-time errors of  the FLASH peripheral.
 357:Drivers/STM32L0xx_HAL_Driver/Src/stm32l0xx_hal_flash_ramfunc.c **** 
 358:Drivers/STM32L0xx_HAL_Driver/Src/stm32l0xx_hal_flash_ramfunc.c **** @endverbatim
 359:Drivers/STM32L0xx_HAL_Driver/Src/stm32l0xx_hal_flash_ramfunc.c ****   * @{
 360:Drivers/STM32L0xx_HAL_Driver/Src/stm32l0xx_hal_flash_ramfunc.c ****   */
 361:Drivers/STM32L0xx_HAL_Driver/Src/stm32l0xx_hal_flash_ramfunc.c **** 
 362:Drivers/STM32L0xx_HAL_Driver/Src/stm32l0xx_hal_flash_ramfunc.c **** /**
 363:Drivers/STM32L0xx_HAL_Driver/Src/stm32l0xx_hal_flash_ramfunc.c ****   * @brief  Get the specific FLASH errors flag.
 364:Drivers/STM32L0xx_HAL_Driver/Src/stm32l0xx_hal_flash_ramfunc.c ****   * @param  Error pointer is the error value. It can be a mixed of:
 365:Drivers/STM32L0xx_HAL_Driver/Src/stm32l0xx_hal_flash_ramfunc.c ****   *            @arg @ref HAL_FLASH_ERROR_RD      FLASH Read Protection error flag (PCROP)
 366:Drivers/STM32L0xx_HAL_Driver/Src/stm32l0xx_hal_flash_ramfunc.c ****   *            @arg @ref HAL_FLASH_ERROR_SIZE    FLASH Programming Parallelism error flag  
 367:Drivers/STM32L0xx_HAL_Driver/Src/stm32l0xx_hal_flash_ramfunc.c ****   *            @arg @ref HAL_FLASH_ERROR_PGA     FLASH Programming Alignment error flag
 368:Drivers/STM32L0xx_HAL_Driver/Src/stm32l0xx_hal_flash_ramfunc.c ****   *            @arg @ref HAL_FLASH_ERROR_WRP     FLASH Write protected error flag
 369:Drivers/STM32L0xx_HAL_Driver/Src/stm32l0xx_hal_flash_ramfunc.c ****   *            @arg @ref HAL_FLASH_ERROR_OPTV    FLASH Option valid error flag 
 370:Drivers/STM32L0xx_HAL_Driver/Src/stm32l0xx_hal_flash_ramfunc.c ****   *            @arg @ref HAL_FLASH_ERROR_FWWERR  FLASH Write or Erase operation aborted
 371:Drivers/STM32L0xx_HAL_Driver/Src/stm32l0xx_hal_flash_ramfunc.c ****   *            @arg @ref HAL_FLASH_ERROR_NOTZERO FLASH Write operation is done in a not-erased regi
 372:Drivers/STM32L0xx_HAL_Driver/Src/stm32l0xx_hal_flash_ramfunc.c ****   * @retval HAL Status
 373:Drivers/STM32L0xx_HAL_Driver/Src/stm32l0xx_hal_flash_ramfunc.c ****   */
 374:Drivers/STM32L0xx_HAL_Driver/Src/stm32l0xx_hal_flash_ramfunc.c **** __RAM_FUNC HAL_StatusTypeDef HAL_FLASHEx_GetError(uint32_t * Error)
 375:Drivers/STM32L0xx_HAL_Driver/Src/stm32l0xx_hal_flash_ramfunc.c **** { 
ARM GAS  /tmp/ccop5LOa.s 			page 8


 376:Drivers/STM32L0xx_HAL_Driver/Src/stm32l0xx_hal_flash_ramfunc.c ****   *Error = pFlash.ErrorCode;
 377:Drivers/STM32L0xx_HAL_Driver/Src/stm32l0xx_hal_flash_ramfunc.c ****   return HAL_OK;  
 378:Drivers/STM32L0xx_HAL_Driver/Src/stm32l0xx_hal_flash_ramfunc.c **** }
 379:Drivers/STM32L0xx_HAL_Driver/Src/stm32l0xx_hal_flash_ramfunc.c **** 
 380:Drivers/STM32L0xx_HAL_Driver/Src/stm32l0xx_hal_flash_ramfunc.c **** /**
 381:Drivers/STM32L0xx_HAL_Driver/Src/stm32l0xx_hal_flash_ramfunc.c ****   * @}
 382:Drivers/STM32L0xx_HAL_Driver/Src/stm32l0xx_hal_flash_ramfunc.c ****   */
 383:Drivers/STM32L0xx_HAL_Driver/Src/stm32l0xx_hal_flash_ramfunc.c **** 
 384:Drivers/STM32L0xx_HAL_Driver/Src/stm32l0xx_hal_flash_ramfunc.c **** /**
 385:Drivers/STM32L0xx_HAL_Driver/Src/stm32l0xx_hal_flash_ramfunc.c ****   * @}
 386:Drivers/STM32L0xx_HAL_Driver/Src/stm32l0xx_hal_flash_ramfunc.c ****   */
 387:Drivers/STM32L0xx_HAL_Driver/Src/stm32l0xx_hal_flash_ramfunc.c **** 
 388:Drivers/STM32L0xx_HAL_Driver/Src/stm32l0xx_hal_flash_ramfunc.c **** /** @addtogroup FLASH_RAMFUNC_Private_Functions
 389:Drivers/STM32L0xx_HAL_Driver/Src/stm32l0xx_hal_flash_ramfunc.c ****   * @{
 390:Drivers/STM32L0xx_HAL_Driver/Src/stm32l0xx_hal_flash_ramfunc.c ****   */ 
 391:Drivers/STM32L0xx_HAL_Driver/Src/stm32l0xx_hal_flash_ramfunc.c **** 
 392:Drivers/STM32L0xx_HAL_Driver/Src/stm32l0xx_hal_flash_ramfunc.c **** /**
 393:Drivers/STM32L0xx_HAL_Driver/Src/stm32l0xx_hal_flash_ramfunc.c ****   * @brief  Set the specific FLASH error flag.
 394:Drivers/STM32L0xx_HAL_Driver/Src/stm32l0xx_hal_flash_ramfunc.c ****   * @retval HAL Status
 395:Drivers/STM32L0xx_HAL_Driver/Src/stm32l0xx_hal_flash_ramfunc.c ****   */
 396:Drivers/STM32L0xx_HAL_Driver/Src/stm32l0xx_hal_flash_ramfunc.c **** static __RAM_FUNC HAL_StatusTypeDef FLASHRAM_SetErrorCode(void)
 397:Drivers/STM32L0xx_HAL_Driver/Src/stm32l0xx_hal_flash_ramfunc.c **** {
  26              		.loc 1 397 1 view -0
  27              		.cfi_startproc
  28              		@ args = 0, pretend = 0, frame = 0
  29              		@ frame_needed = 0, uses_anonymous_args = 0
  30              		@ link register save eliminated.
 398:Drivers/STM32L0xx_HAL_Driver/Src/stm32l0xx_hal_flash_ramfunc.c ****   uint32_t flags = 0;
  31              		.loc 1 398 3 view .LVU1
  32              	.LVL0:
 399:Drivers/STM32L0xx_HAL_Driver/Src/stm32l0xx_hal_flash_ramfunc.c ****   
 400:Drivers/STM32L0xx_HAL_Driver/Src/stm32l0xx_hal_flash_ramfunc.c ****   if(__HAL_FLASH_GET_FLAG(FLASH_FLAG_WRPERR))
  33              		.loc 1 400 3 view .LVU2
  34              		.loc 1 400 6 is_stmt 0 view .LVU3
  35 0000 2C4B     		ldr	r3, .L15
  36 0002 9969     		ldr	r1, [r3, #24]
  37 0004 8022     		movs	r2, #128
  38 0006 5200     		lsls	r2, r2, #1
  39 0008 0B00     		movs	r3, r1
  40 000a 1340     		ands	r3, r2
  41              		.loc 1 400 5 view .LVU4
  42 000c 1142     		tst	r1, r2
  43 000e 06D0     		beq	.L2
 401:Drivers/STM32L0xx_HAL_Driver/Src/stm32l0xx_hal_flash_ramfunc.c ****   {
 402:Drivers/STM32L0xx_HAL_Driver/Src/stm32l0xx_hal_flash_ramfunc.c ****     pFlash.ErrorCode |= HAL_FLASH_ERROR_WRP;
  44              		.loc 1 402 5 is_stmt 1 view .LVU5
  45              		.loc 1 402 11 is_stmt 0 view .LVU6
  46 0010 294A     		ldr	r2, .L15+4
  47 0012 5369     		ldr	r3, [r2, #20]
  48              		.loc 1 402 22 view .LVU7
  49 0014 0221     		movs	r1, #2
  50 0016 0B43     		orrs	r3, r1
  51 0018 5361     		str	r3, [r2, #20]
 403:Drivers/STM32L0xx_HAL_Driver/Src/stm32l0xx_hal_flash_ramfunc.c ****     flags |= FLASH_FLAG_WRPERR;
  52              		.loc 1 403 5 is_stmt 1 view .LVU8
  53              	.LVL1:
  54              		.loc 1 403 11 is_stmt 0 view .LVU9
ARM GAS  /tmp/ccop5LOa.s 			page 9


  55 001a 8023     		movs	r3, #128
  56 001c 5B00     		lsls	r3, r3, #1
  57              	.LVL2:
  58              	.L2:
 404:Drivers/STM32L0xx_HAL_Driver/Src/stm32l0xx_hal_flash_ramfunc.c ****   }
 405:Drivers/STM32L0xx_HAL_Driver/Src/stm32l0xx_hal_flash_ramfunc.c ****   if(__HAL_FLASH_GET_FLAG(FLASH_FLAG_PGAERR))
  59              		.loc 1 405 3 is_stmt 1 view .LVU10
  60              		.loc 1 405 6 is_stmt 0 view .LVU11
  61 001e 254A     		ldr	r2, .L15
  62 0020 9269     		ldr	r2, [r2, #24]
  63              		.loc 1 405 5 view .LVU12
  64 0022 9205     		lsls	r2, r2, #22
  65 0024 07D5     		bpl	.L3
 406:Drivers/STM32L0xx_HAL_Driver/Src/stm32l0xx_hal_flash_ramfunc.c ****   {
 407:Drivers/STM32L0xx_HAL_Driver/Src/stm32l0xx_hal_flash_ramfunc.c ****     pFlash.ErrorCode |= HAL_FLASH_ERROR_PGA;
  66              		.loc 1 407 5 is_stmt 1 view .LVU13
  67              		.loc 1 407 11 is_stmt 0 view .LVU14
  68 0026 2449     		ldr	r1, .L15+4
  69 0028 4A69     		ldr	r2, [r1, #20]
  70              		.loc 1 407 22 view .LVU15
  71 002a 0120     		movs	r0, #1
  72 002c 0243     		orrs	r2, r0
  73 002e 4A61     		str	r2, [r1, #20]
 408:Drivers/STM32L0xx_HAL_Driver/Src/stm32l0xx_hal_flash_ramfunc.c ****     flags |= FLASH_FLAG_PGAERR;
  74              		.loc 1 408 5 is_stmt 1 view .LVU16
  75              		.loc 1 408 11 is_stmt 0 view .LVU17
  76 0030 8022     		movs	r2, #128
  77 0032 9200     		lsls	r2, r2, #2
  78 0034 1343     		orrs	r3, r2
  79              	.LVL3:
  80              	.L3:
 409:Drivers/STM32L0xx_HAL_Driver/Src/stm32l0xx_hal_flash_ramfunc.c ****   }
 410:Drivers/STM32L0xx_HAL_Driver/Src/stm32l0xx_hal_flash_ramfunc.c ****   if(__HAL_FLASH_GET_FLAG(FLASH_FLAG_SIZERR))
  81              		.loc 1 410 3 is_stmt 1 view .LVU18
  82              		.loc 1 410 6 is_stmt 0 view .LVU19
  83 0036 1F4A     		ldr	r2, .L15
  84 0038 9269     		ldr	r2, [r2, #24]
  85              		.loc 1 410 5 view .LVU20
  86 003a 5205     		lsls	r2, r2, #21
  87 003c 07D5     		bpl	.L4
 411:Drivers/STM32L0xx_HAL_Driver/Src/stm32l0xx_hal_flash_ramfunc.c ****   { 
 412:Drivers/STM32L0xx_HAL_Driver/Src/stm32l0xx_hal_flash_ramfunc.c ****     pFlash.ErrorCode |= HAL_FLASH_ERROR_SIZE;
  88              		.loc 1 412 5 is_stmt 1 view .LVU21
  89              		.loc 1 412 11 is_stmt 0 view .LVU22
  90 003e 1E49     		ldr	r1, .L15+4
  91 0040 4A69     		ldr	r2, [r1, #20]
  92              		.loc 1 412 22 view .LVU23
  93 0042 0820     		movs	r0, #8
  94 0044 0243     		orrs	r2, r0
  95 0046 4A61     		str	r2, [r1, #20]
 413:Drivers/STM32L0xx_HAL_Driver/Src/stm32l0xx_hal_flash_ramfunc.c ****     flags |= FLASH_FLAG_SIZERR;
  96              		.loc 1 413 5 is_stmt 1 view .LVU24
  97              		.loc 1 413 11 is_stmt 0 view .LVU25
  98 0048 8022     		movs	r2, #128
  99 004a D200     		lsls	r2, r2, #3
 100 004c 1343     		orrs	r3, r2
 101              	.LVL4:
ARM GAS  /tmp/ccop5LOa.s 			page 10


 102              	.L4:
 414:Drivers/STM32L0xx_HAL_Driver/Src/stm32l0xx_hal_flash_ramfunc.c ****   }
 415:Drivers/STM32L0xx_HAL_Driver/Src/stm32l0xx_hal_flash_ramfunc.c ****   if(__HAL_FLASH_GET_FLAG(FLASH_FLAG_OPTVERR))
 103              		.loc 1 415 3 is_stmt 1 view .LVU26
 104              		.loc 1 415 6 is_stmt 0 view .LVU27
 105 004e 194A     		ldr	r2, .L15
 106 0050 9269     		ldr	r2, [r2, #24]
 107              		.loc 1 415 5 view .LVU28
 108 0052 1205     		lsls	r2, r2, #20
 109 0054 07D5     		bpl	.L5
 416:Drivers/STM32L0xx_HAL_Driver/Src/stm32l0xx_hal_flash_ramfunc.c ****   {
 417:Drivers/STM32L0xx_HAL_Driver/Src/stm32l0xx_hal_flash_ramfunc.c ****     /* WARNING : On the first cut of STM32L031xx and STM32L041xx devices,
 418:Drivers/STM32L0xx_HAL_Driver/Src/stm32l0xx_hal_flash_ramfunc.c ****      *           (RefID = 0x1000) the FLASH_FLAG_OPTVERR bit was not behaving
 419:Drivers/STM32L0xx_HAL_Driver/Src/stm32l0xx_hal_flash_ramfunc.c ****      *           as expected. If the user run an application using the first
 420:Drivers/STM32L0xx_HAL_Driver/Src/stm32l0xx_hal_flash_ramfunc.c ****      *           cut of the STM32L031xx device or the first cut of the STM32L041xx
 421:Drivers/STM32L0xx_HAL_Driver/Src/stm32l0xx_hal_flash_ramfunc.c ****      *           device, this error should be ignored. The revId of the device
 422:Drivers/STM32L0xx_HAL_Driver/Src/stm32l0xx_hal_flash_ramfunc.c ****      *           can be retrieved via the HAL_GetREVID() function.
 423:Drivers/STM32L0xx_HAL_Driver/Src/stm32l0xx_hal_flash_ramfunc.c ****      *
 424:Drivers/STM32L0xx_HAL_Driver/Src/stm32l0xx_hal_flash_ramfunc.c ****      */
 425:Drivers/STM32L0xx_HAL_Driver/Src/stm32l0xx_hal_flash_ramfunc.c ****     pFlash.ErrorCode |= HAL_FLASH_ERROR_OPTV;
 110              		.loc 1 425 5 is_stmt 1 view .LVU29
 111              		.loc 1 425 11 is_stmt 0 view .LVU30
 112 0056 1849     		ldr	r1, .L15+4
 113 0058 4A69     		ldr	r2, [r1, #20]
 114              		.loc 1 425 22 view .LVU31
 115 005a 0420     		movs	r0, #4
 116 005c 0243     		orrs	r2, r0
 117 005e 4A61     		str	r2, [r1, #20]
 426:Drivers/STM32L0xx_HAL_Driver/Src/stm32l0xx_hal_flash_ramfunc.c ****     flags |= FLASH_FLAG_OPTVERR;
 118              		.loc 1 426 5 is_stmt 1 view .LVU32
 119              		.loc 1 426 11 is_stmt 0 view .LVU33
 120 0060 8022     		movs	r2, #128
 121 0062 1201     		lsls	r2, r2, #4
 122 0064 1343     		orrs	r3, r2
 123              	.LVL5:
 124              	.L5:
 427:Drivers/STM32L0xx_HAL_Driver/Src/stm32l0xx_hal_flash_ramfunc.c ****   }
 428:Drivers/STM32L0xx_HAL_Driver/Src/stm32l0xx_hal_flash_ramfunc.c **** 
 429:Drivers/STM32L0xx_HAL_Driver/Src/stm32l0xx_hal_flash_ramfunc.c ****   if(__HAL_FLASH_GET_FLAG(FLASH_FLAG_RDERR))
 125              		.loc 1 429 3 is_stmt 1 view .LVU34
 126              		.loc 1 429 6 is_stmt 0 view .LVU35
 127 0066 134A     		ldr	r2, .L15
 128 0068 9269     		ldr	r2, [r2, #24]
 129              		.loc 1 429 5 view .LVU36
 130 006a 9204     		lsls	r2, r2, #18
 131 006c 07D5     		bpl	.L6
 430:Drivers/STM32L0xx_HAL_Driver/Src/stm32l0xx_hal_flash_ramfunc.c ****   {
 431:Drivers/STM32L0xx_HAL_Driver/Src/stm32l0xx_hal_flash_ramfunc.c ****     pFlash.ErrorCode |= HAL_FLASH_ERROR_RD;
 132              		.loc 1 431 5 is_stmt 1 view .LVU37
 133              		.loc 1 431 11 is_stmt 0 view .LVU38
 134 006e 1249     		ldr	r1, .L15+4
 135 0070 4A69     		ldr	r2, [r1, #20]
 136              		.loc 1 431 22 view .LVU39
 137 0072 1020     		movs	r0, #16
 138 0074 0243     		orrs	r2, r0
 139 0076 4A61     		str	r2, [r1, #20]
 432:Drivers/STM32L0xx_HAL_Driver/Src/stm32l0xx_hal_flash_ramfunc.c ****     flags |= FLASH_FLAG_RDERR;
ARM GAS  /tmp/ccop5LOa.s 			page 11


 140              		.loc 1 432 5 is_stmt 1 view .LVU40
 141              		.loc 1 432 11 is_stmt 0 view .LVU41
 142 0078 8022     		movs	r2, #128
 143 007a 9201     		lsls	r2, r2, #6
 144 007c 1343     		orrs	r3, r2
 145              	.LVL6:
 146              	.L6:
 433:Drivers/STM32L0xx_HAL_Driver/Src/stm32l0xx_hal_flash_ramfunc.c ****   }
 434:Drivers/STM32L0xx_HAL_Driver/Src/stm32l0xx_hal_flash_ramfunc.c ****   if(__HAL_FLASH_GET_FLAG(FLASH_FLAG_FWWERR))
 147              		.loc 1 434 3 is_stmt 1 view .LVU42
 148              		.loc 1 434 6 is_stmt 0 view .LVU43
 149 007e 0D4A     		ldr	r2, .L15
 150 0080 9269     		ldr	r2, [r2, #24]
 151              		.loc 1 434 5 view .LVU44
 152 0082 9203     		lsls	r2, r2, #14
 153 0084 05D5     		bpl	.L7
 435:Drivers/STM32L0xx_HAL_Driver/Src/stm32l0xx_hal_flash_ramfunc.c ****   { 
 436:Drivers/STM32L0xx_HAL_Driver/Src/stm32l0xx_hal_flash_ramfunc.c ****     pFlash.ErrorCode |= HAL_FLASH_ERROR_FWWERR;
 154              		.loc 1 436 5 is_stmt 1 view .LVU45
 155              		.loc 1 436 11 is_stmt 0 view .LVU46
 156 0086 0C48     		ldr	r0, .L15+4
 157 0088 4269     		ldr	r2, [r0, #20]
 158              		.loc 1 436 22 view .LVU47
 159 008a 2021     		movs	r1, #32
 160 008c 0A43     		orrs	r2, r1
 161 008e 4261     		str	r2, [r0, #20]
 437:Drivers/STM32L0xx_HAL_Driver/Src/stm32l0xx_hal_flash_ramfunc.c ****     flags |= HAL_FLASH_ERROR_FWWERR;
 162              		.loc 1 437 5 is_stmt 1 view .LVU48
 163              		.loc 1 437 11 is_stmt 0 view .LVU49
 164 0090 0B43     		orrs	r3, r1
 165              	.LVL7:
 166              	.L7:
 438:Drivers/STM32L0xx_HAL_Driver/Src/stm32l0xx_hal_flash_ramfunc.c ****   }
 439:Drivers/STM32L0xx_HAL_Driver/Src/stm32l0xx_hal_flash_ramfunc.c ****   if(__HAL_FLASH_GET_FLAG(FLASH_FLAG_NOTZEROERR))
 167              		.loc 1 439 3 is_stmt 1 view .LVU50
 168              		.loc 1 439 6 is_stmt 0 view .LVU51
 169 0092 084A     		ldr	r2, .L15
 170 0094 9269     		ldr	r2, [r2, #24]
 171              		.loc 1 439 5 view .LVU52
 172 0096 D203     		lsls	r2, r2, #15
 173 0098 07D5     		bpl	.L8
 440:Drivers/STM32L0xx_HAL_Driver/Src/stm32l0xx_hal_flash_ramfunc.c ****   { 
 441:Drivers/STM32L0xx_HAL_Driver/Src/stm32l0xx_hal_flash_ramfunc.c ****     pFlash.ErrorCode |= HAL_FLASH_ERROR_NOTZERO;
 174              		.loc 1 441 5 is_stmt 1 view .LVU53
 175              		.loc 1 441 11 is_stmt 0 view .LVU54
 176 009a 0749     		ldr	r1, .L15+4
 177 009c 4A69     		ldr	r2, [r1, #20]
 178              		.loc 1 441 22 view .LVU55
 179 009e 4020     		movs	r0, #64
 180 00a0 0243     		orrs	r2, r0
 181 00a2 4A61     		str	r2, [r1, #20]
 442:Drivers/STM32L0xx_HAL_Driver/Src/stm32l0xx_hal_flash_ramfunc.c ****     flags |= FLASH_FLAG_NOTZEROERR;
 182              		.loc 1 442 5 is_stmt 1 view .LVU56
 183              		.loc 1 442 11 is_stmt 0 view .LVU57
 184 00a4 8022     		movs	r2, #128
 185 00a6 5202     		lsls	r2, r2, #9
 186 00a8 1343     		orrs	r3, r2
ARM GAS  /tmp/ccop5LOa.s 			page 12


 187              	.LVL8:
 188              	.L8:
 443:Drivers/STM32L0xx_HAL_Driver/Src/stm32l0xx_hal_flash_ramfunc.c ****   }
 444:Drivers/STM32L0xx_HAL_Driver/Src/stm32l0xx_hal_flash_ramfunc.c **** 
 445:Drivers/STM32L0xx_HAL_Driver/Src/stm32l0xx_hal_flash_ramfunc.c ****   /* Clear FLASH error pending bits */
 446:Drivers/STM32L0xx_HAL_Driver/Src/stm32l0xx_hal_flash_ramfunc.c ****   __HAL_FLASH_CLEAR_FLAG(flags);
 189              		.loc 1 446 3 is_stmt 1 view .LVU58
 190 00aa 024A     		ldr	r2, .L15
 191 00ac 9361     		str	r3, [r2, #24]
 447:Drivers/STM32L0xx_HAL_Driver/Src/stm32l0xx_hal_flash_ramfunc.c **** 
 448:Drivers/STM32L0xx_HAL_Driver/Src/stm32l0xx_hal_flash_ramfunc.c ****   return HAL_OK;
 192              		.loc 1 448 3 view .LVU59
 449:Drivers/STM32L0xx_HAL_Driver/Src/stm32l0xx_hal_flash_ramfunc.c **** }  
 193              		.loc 1 449 1 is_stmt 0 view .LVU60
 194 00ae 0020     		movs	r0, #0
 195              		@ sp needed
 196 00b0 7047     		bx	lr
 197              	.L16:
 198 00b2 C046     		.align	2
 199              	.L15:
 200 00b4 00200240 		.word	1073881088
 201 00b8 00000000 		.word	pFlash
 202              		.cfi_endproc
 203              	.LFE44:
 205              		.align	1
 206              		.syntax unified
 207              		.code	16
 208              		.thumb_func
 210              	FLASHRAM_WaitForLastOperation:
 211              	.LVL9:
 212              	.LFB45:
 450:Drivers/STM32L0xx_HAL_Driver/Src/stm32l0xx_hal_flash_ramfunc.c **** 
 451:Drivers/STM32L0xx_HAL_Driver/Src/stm32l0xx_hal_flash_ramfunc.c **** /**
 452:Drivers/STM32L0xx_HAL_Driver/Src/stm32l0xx_hal_flash_ramfunc.c ****   * @brief  Wait for a FLASH operation to complete.
 453:Drivers/STM32L0xx_HAL_Driver/Src/stm32l0xx_hal_flash_ramfunc.c ****   * @param  Timeout maximum flash operationtimeout
 454:Drivers/STM32L0xx_HAL_Driver/Src/stm32l0xx_hal_flash_ramfunc.c ****   * @retval HAL status
 455:Drivers/STM32L0xx_HAL_Driver/Src/stm32l0xx_hal_flash_ramfunc.c ****   */
 456:Drivers/STM32L0xx_HAL_Driver/Src/stm32l0xx_hal_flash_ramfunc.c **** static __RAM_FUNC HAL_StatusTypeDef FLASHRAM_WaitForLastOperation(uint32_t Timeout)
 457:Drivers/STM32L0xx_HAL_Driver/Src/stm32l0xx_hal_flash_ramfunc.c **** { 
 213              		.loc 1 457 1 is_stmt 1 view -0
 214              		.cfi_startproc
 215              		@ args = 0, pretend = 0, frame = 0
 216              		@ frame_needed = 0, uses_anonymous_args = 0
 217              		.loc 1 457 1 is_stmt 0 view .LVU62
 218 00bc 10B5     		push	{r4, lr}
 219              		.cfi_def_cfa_offset 8
 220              		.cfi_offset 4, -8
 221              		.cfi_offset 14, -4
 458:Drivers/STM32L0xx_HAL_Driver/Src/stm32l0xx_hal_flash_ramfunc.c ****     /* Wait for the FLASH operation to complete by polling on BUSY flag to be reset.
 459:Drivers/STM32L0xx_HAL_Driver/Src/stm32l0xx_hal_flash_ramfunc.c ****        Even if the FLASH operation fails, the BUSY flag will be reset and an error
 460:Drivers/STM32L0xx_HAL_Driver/Src/stm32l0xx_hal_flash_ramfunc.c ****        flag will be set */
 461:Drivers/STM32L0xx_HAL_Driver/Src/stm32l0xx_hal_flash_ramfunc.c ****        
 462:Drivers/STM32L0xx_HAL_Driver/Src/stm32l0xx_hal_flash_ramfunc.c ****     while(__HAL_FLASH_GET_FLAG(FLASH_FLAG_BSY) && (Timeout != 0x00U)) 
 222              		.loc 1 462 5 is_stmt 1 view .LVU63
 223              		.loc 1 462 10 is_stmt 0 view .LVU64
 224 00be 00E0     		b	.L18
 225              	.L20:
ARM GAS  /tmp/ccop5LOa.s 			page 13


 463:Drivers/STM32L0xx_HAL_Driver/Src/stm32l0xx_hal_flash_ramfunc.c ****     { 
 464:Drivers/STM32L0xx_HAL_Driver/Src/stm32l0xx_hal_flash_ramfunc.c ****       Timeout--;
 226              		.loc 1 464 7 is_stmt 1 view .LVU65
 227              		.loc 1 464 14 is_stmt 0 view .LVU66
 228 00c0 0138     		subs	r0, r0, #1
 229              	.LVL10:
 230              	.L18:
 462:Drivers/STM32L0xx_HAL_Driver/Src/stm32l0xx_hal_flash_ramfunc.c ****     { 
 231              		.loc 1 462 48 is_stmt 1 view .LVU67
 462:Drivers/STM32L0xx_HAL_Driver/Src/stm32l0xx_hal_flash_ramfunc.c ****     { 
 232              		.loc 1 462 11 is_stmt 0 view .LVU68
 233 00c2 194B     		ldr	r3, .L34
 234 00c4 9B69     		ldr	r3, [r3, #24]
 462:Drivers/STM32L0xx_HAL_Driver/Src/stm32l0xx_hal_flash_ramfunc.c ****     { 
 235              		.loc 1 462 48 view .LVU69
 236 00c6 DB07     		lsls	r3, r3, #31
 237 00c8 01D5     		bpl	.L19
 462:Drivers/STM32L0xx_HAL_Driver/Src/stm32l0xx_hal_flash_ramfunc.c ****     { 
 238              		.loc 1 462 48 discriminator 1 view .LVU70
 239 00ca 0028     		cmp	r0, #0
 240 00cc F8D1     		bne	.L20
 241              	.L19:
 465:Drivers/STM32L0xx_HAL_Driver/Src/stm32l0xx_hal_flash_ramfunc.c ****     }
 466:Drivers/STM32L0xx_HAL_Driver/Src/stm32l0xx_hal_flash_ramfunc.c ****     
 467:Drivers/STM32L0xx_HAL_Driver/Src/stm32l0xx_hal_flash_ramfunc.c ****     if(Timeout == 0x00U)
 242              		.loc 1 467 5 is_stmt 1 view .LVU71
 243              		.loc 1 467 7 is_stmt 0 view .LVU72
 244 00ce 0028     		cmp	r0, #0
 245 00d0 28D0     		beq	.L24
 468:Drivers/STM32L0xx_HAL_Driver/Src/stm32l0xx_hal_flash_ramfunc.c ****     {
 469:Drivers/STM32L0xx_HAL_Driver/Src/stm32l0xx_hal_flash_ramfunc.c ****       return HAL_TIMEOUT;
 470:Drivers/STM32L0xx_HAL_Driver/Src/stm32l0xx_hal_flash_ramfunc.c ****     }
 471:Drivers/STM32L0xx_HAL_Driver/Src/stm32l0xx_hal_flash_ramfunc.c ****     
 472:Drivers/STM32L0xx_HAL_Driver/Src/stm32l0xx_hal_flash_ramfunc.c ****   /* Check FLASH End of Operation flag  */
 473:Drivers/STM32L0xx_HAL_Driver/Src/stm32l0xx_hal_flash_ramfunc.c ****   if (__HAL_FLASH_GET_FLAG(FLASH_FLAG_EOP))
 246              		.loc 1 473 3 is_stmt 1 view .LVU73
 247              		.loc 1 473 7 is_stmt 0 view .LVU74
 248 00d2 154B     		ldr	r3, .L34
 249 00d4 9B69     		ldr	r3, [r3, #24]
 250              		.loc 1 473 6 view .LVU75
 251 00d6 9B07     		lsls	r3, r3, #30
 252 00d8 02D5     		bpl	.L22
 474:Drivers/STM32L0xx_HAL_Driver/Src/stm32l0xx_hal_flash_ramfunc.c ****   {
 475:Drivers/STM32L0xx_HAL_Driver/Src/stm32l0xx_hal_flash_ramfunc.c ****     /* Clear FLASH End of Operation pending bit */
 476:Drivers/STM32L0xx_HAL_Driver/Src/stm32l0xx_hal_flash_ramfunc.c ****     __HAL_FLASH_CLEAR_FLAG(FLASH_FLAG_EOP);
 253              		.loc 1 476 5 is_stmt 1 view .LVU76
 254 00da 134B     		ldr	r3, .L34
 255 00dc 0222     		movs	r2, #2
 256 00de 9A61     		str	r2, [r3, #24]
 257              	.L22:
 477:Drivers/STM32L0xx_HAL_Driver/Src/stm32l0xx_hal_flash_ramfunc.c ****   }
 478:Drivers/STM32L0xx_HAL_Driver/Src/stm32l0xx_hal_flash_ramfunc.c ****   
 479:Drivers/STM32L0xx_HAL_Driver/Src/stm32l0xx_hal_flash_ramfunc.c ****   if( __HAL_FLASH_GET_FLAG(FLASH_FLAG_WRPERR)     || 
 258              		.loc 1 479 3 view .LVU77
 259              		.loc 1 479 7 is_stmt 0 view .LVU78
 260 00e0 114B     		ldr	r3, .L34
 261 00e2 9B69     		ldr	r3, [r3, #24]
ARM GAS  /tmp/ccop5LOa.s 			page 14


 262              		.loc 1 479 5 view .LVU79
 263 00e4 DB05     		lsls	r3, r3, #23
 264 00e6 19D4     		bmi	.L23
 480:Drivers/STM32L0xx_HAL_Driver/Src/stm32l0xx_hal_flash_ramfunc.c ****       __HAL_FLASH_GET_FLAG(FLASH_FLAG_PGAERR)     || 
 265              		.loc 1 480 7 view .LVU80
 266 00e8 0F4B     		ldr	r3, .L34
 267 00ea 9B69     		ldr	r3, [r3, #24]
 479:Drivers/STM32L0xx_HAL_Driver/Src/stm32l0xx_hal_flash_ramfunc.c ****       __HAL_FLASH_GET_FLAG(FLASH_FLAG_PGAERR)     || 
 268              		.loc 1 479 51 discriminator 1 view .LVU81
 269 00ec 9B05     		lsls	r3, r3, #22
 270 00ee 15D4     		bmi	.L23
 481:Drivers/STM32L0xx_HAL_Driver/Src/stm32l0xx_hal_flash_ramfunc.c ****       __HAL_FLASH_GET_FLAG(FLASH_FLAG_SIZERR)     || 
 271              		.loc 1 481 7 view .LVU82
 272 00f0 0D4B     		ldr	r3, .L34
 273 00f2 9B69     		ldr	r3, [r3, #24]
 480:Drivers/STM32L0xx_HAL_Driver/Src/stm32l0xx_hal_flash_ramfunc.c ****       __HAL_FLASH_GET_FLAG(FLASH_FLAG_PGAERR)     || 
 274              		.loc 1 480 51 view .LVU83
 275 00f4 5B05     		lsls	r3, r3, #21
 276 00f6 11D4     		bmi	.L23
 482:Drivers/STM32L0xx_HAL_Driver/Src/stm32l0xx_hal_flash_ramfunc.c ****       __HAL_FLASH_GET_FLAG(FLASH_FLAG_OPTVERR)    || 
 277              		.loc 1 482 7 view .LVU84
 278 00f8 0B4B     		ldr	r3, .L34
 279 00fa 9B69     		ldr	r3, [r3, #24]
 481:Drivers/STM32L0xx_HAL_Driver/Src/stm32l0xx_hal_flash_ramfunc.c ****       __HAL_FLASH_GET_FLAG(FLASH_FLAG_SIZERR)     || 
 280              		.loc 1 481 51 view .LVU85
 281 00fc 1B05     		lsls	r3, r3, #20
 282 00fe 0DD4     		bmi	.L23
 483:Drivers/STM32L0xx_HAL_Driver/Src/stm32l0xx_hal_flash_ramfunc.c ****       __HAL_FLASH_GET_FLAG(FLASH_FLAG_RDERR)      || 
 283              		.loc 1 483 7 view .LVU86
 284 0100 094B     		ldr	r3, .L34
 285 0102 9B69     		ldr	r3, [r3, #24]
 482:Drivers/STM32L0xx_HAL_Driver/Src/stm32l0xx_hal_flash_ramfunc.c ****       __HAL_FLASH_GET_FLAG(FLASH_FLAG_OPTVERR)    || 
 286              		.loc 1 482 51 view .LVU87
 287 0104 9B04     		lsls	r3, r3, #18
 288 0106 09D4     		bmi	.L23
 484:Drivers/STM32L0xx_HAL_Driver/Src/stm32l0xx_hal_flash_ramfunc.c ****       __HAL_FLASH_GET_FLAG(FLASH_FLAG_FWWERR)     || 
 289              		.loc 1 484 7 view .LVU88
 290 0108 074B     		ldr	r3, .L34
 291 010a 9B69     		ldr	r3, [r3, #24]
 483:Drivers/STM32L0xx_HAL_Driver/Src/stm32l0xx_hal_flash_ramfunc.c ****       __HAL_FLASH_GET_FLAG(FLASH_FLAG_RDERR)      || 
 292              		.loc 1 483 51 view .LVU89
 293 010c 9B03     		lsls	r3, r3, #14
 294 010e 05D4     		bmi	.L23
 485:Drivers/STM32L0xx_HAL_Driver/Src/stm32l0xx_hal_flash_ramfunc.c ****       __HAL_FLASH_GET_FLAG(FLASH_FLAG_NOTZEROERR) )
 295              		.loc 1 485 7 view .LVU90
 296 0110 054B     		ldr	r3, .L34
 297 0112 9B69     		ldr	r3, [r3, #24]
 484:Drivers/STM32L0xx_HAL_Driver/Src/stm32l0xx_hal_flash_ramfunc.c ****       __HAL_FLASH_GET_FLAG(FLASH_FLAG_FWWERR)     || 
 298              		.loc 1 484 51 view .LVU91
 299 0114 DB03     		lsls	r3, r3, #15
 300 0116 01D4     		bmi	.L23
 486:Drivers/STM32L0xx_HAL_Driver/Src/stm32l0xx_hal_flash_ramfunc.c ****   {
 487:Drivers/STM32L0xx_HAL_Driver/Src/stm32l0xx_hal_flash_ramfunc.c ****     /*Save the error code*/
 488:Drivers/STM32L0xx_HAL_Driver/Src/stm32l0xx_hal_flash_ramfunc.c **** 
 489:Drivers/STM32L0xx_HAL_Driver/Src/stm32l0xx_hal_flash_ramfunc.c ****     /* WARNING : On the first cut of STM32L031xx and STM32L041xx devices,
 490:Drivers/STM32L0xx_HAL_Driver/Src/stm32l0xx_hal_flash_ramfunc.c ****      *           (RefID = 0x1000) the FLASH_FLAG_OPTVERR bit was not behaving
 491:Drivers/STM32L0xx_HAL_Driver/Src/stm32l0xx_hal_flash_ramfunc.c ****      *           as expected. If the user run an application using the first
ARM GAS  /tmp/ccop5LOa.s 			page 15


 492:Drivers/STM32L0xx_HAL_Driver/Src/stm32l0xx_hal_flash_ramfunc.c ****      *           cut of the STM32L031xx device or the first cut of the STM32L041xx
 493:Drivers/STM32L0xx_HAL_Driver/Src/stm32l0xx_hal_flash_ramfunc.c ****      *           device, this error should be ignored. The revId of the device
 494:Drivers/STM32L0xx_HAL_Driver/Src/stm32l0xx_hal_flash_ramfunc.c ****      *           can be retrieved via the HAL_GetREVID() function.
 495:Drivers/STM32L0xx_HAL_Driver/Src/stm32l0xx_hal_flash_ramfunc.c ****      *
 496:Drivers/STM32L0xx_HAL_Driver/Src/stm32l0xx_hal_flash_ramfunc.c ****      */
 497:Drivers/STM32L0xx_HAL_Driver/Src/stm32l0xx_hal_flash_ramfunc.c ****     FLASHRAM_SetErrorCode();
 498:Drivers/STM32L0xx_HAL_Driver/Src/stm32l0xx_hal_flash_ramfunc.c ****     return HAL_ERROR;
 499:Drivers/STM32L0xx_HAL_Driver/Src/stm32l0xx_hal_flash_ramfunc.c ****   }
 500:Drivers/STM32L0xx_HAL_Driver/Src/stm32l0xx_hal_flash_ramfunc.c **** 
 501:Drivers/STM32L0xx_HAL_Driver/Src/stm32l0xx_hal_flash_ramfunc.c ****   /* There is no error flag set */
 502:Drivers/STM32L0xx_HAL_Driver/Src/stm32l0xx_hal_flash_ramfunc.c ****   return HAL_OK;
 301              		.loc 1 502 10 view .LVU92
 302 0118 0020     		movs	r0, #0
 303              	.LVL11:
 304              		.loc 1 502 10 view .LVU93
 305 011a 02E0     		b	.L21
 306              	.LVL12:
 307              	.L23:
 497:Drivers/STM32L0xx_HAL_Driver/Src/stm32l0xx_hal_flash_ramfunc.c ****     return HAL_ERROR;
 308              		.loc 1 497 5 is_stmt 1 view .LVU94
 309 011c FFF770FF 		bl	FLASHRAM_SetErrorCode
 310              	.LVL13:
 498:Drivers/STM32L0xx_HAL_Driver/Src/stm32l0xx_hal_flash_ramfunc.c ****   }
 311              		.loc 1 498 5 view .LVU95
 498:Drivers/STM32L0xx_HAL_Driver/Src/stm32l0xx_hal_flash_ramfunc.c ****   }
 312              		.loc 1 498 12 is_stmt 0 view .LVU96
 313 0120 0120     		movs	r0, #1
 314              	.L21:
 503:Drivers/STM32L0xx_HAL_Driver/Src/stm32l0xx_hal_flash_ramfunc.c **** }
 315              		.loc 1 503 1 view .LVU97
 316              		@ sp needed
 317 0122 10BD     		pop	{r4, pc}
 318              	.LVL14:
 319              	.L24:
 469:Drivers/STM32L0xx_HAL_Driver/Src/stm32l0xx_hal_flash_ramfunc.c ****     }
 320              		.loc 1 469 14 view .LVU98
 321 0124 0320     		movs	r0, #3
 322              	.LVL15:
 469:Drivers/STM32L0xx_HAL_Driver/Src/stm32l0xx_hal_flash_ramfunc.c ****     }
 323              		.loc 1 469 14 view .LVU99
 324 0126 FCE7     		b	.L21
 325              	.L35:
 326              		.align	2
 327              	.L34:
 328 0128 00200240 		.word	1073881088
 329              		.cfi_endproc
 330              	.LFE45:
 332              		.align	1
 333              		.global	HAL_FLASHEx_EnableRunPowerDown
 334              		.syntax unified
 335              		.code	16
 336              		.thumb_func
 338              	HAL_FLASHEx_EnableRunPowerDown:
 339              	.LFB40:
 114:Drivers/STM32L0xx_HAL_Driver/Src/stm32l0xx_hal_flash_ramfunc.c ****   /* Enable the Power Down in Run mode*/
 340              		.loc 1 114 1 is_stmt 1 view -0
 341              		.cfi_startproc
ARM GAS  /tmp/ccop5LOa.s 			page 16


 342              		@ args = 0, pretend = 0, frame = 0
 343              		@ frame_needed = 0, uses_anonymous_args = 0
 344              		@ link register save eliminated.
 116:Drivers/STM32L0xx_HAL_Driver/Src/stm32l0xx_hal_flash_ramfunc.c **** 
 345              		.loc 1 116 3 view .LVU101
 116:Drivers/STM32L0xx_HAL_Driver/Src/stm32l0xx_hal_flash_ramfunc.c **** 
 346              		.loc 1 116 3 view .LVU102
 347 012c 054B     		ldr	r3, .L37
 348 012e 064A     		ldr	r2, .L37+4
 349 0130 9A60     		str	r2, [r3, #8]
 116:Drivers/STM32L0xx_HAL_Driver/Src/stm32l0xx_hal_flash_ramfunc.c **** 
 350              		.loc 1 116 3 view .LVU103
 351 0132 064A     		ldr	r2, .L37+8
 352 0134 9A60     		str	r2, [r3, #8]
 116:Drivers/STM32L0xx_HAL_Driver/Src/stm32l0xx_hal_flash_ramfunc.c **** 
 353              		.loc 1 116 3 view .LVU104
 354 0136 1A68     		ldr	r2, [r3]
 355 0138 1021     		movs	r1, #16
 356 013a 0A43     		orrs	r2, r1
 357 013c 1A60     		str	r2, [r3]
 116:Drivers/STM32L0xx_HAL_Driver/Src/stm32l0xx_hal_flash_ramfunc.c **** 
 358              		.loc 1 116 3 view .LVU105
 118:Drivers/STM32L0xx_HAL_Driver/Src/stm32l0xx_hal_flash_ramfunc.c **** }
 359              		.loc 1 118 3 view .LVU106
 119:Drivers/STM32L0xx_HAL_Driver/Src/stm32l0xx_hal_flash_ramfunc.c **** 
 360              		.loc 1 119 1 is_stmt 0 view .LVU107
 361 013e 0020     		movs	r0, #0
 362              		@ sp needed
 363 0140 7047     		bx	lr
 364              	.L38:
 365 0142 C046     		.align	2
 366              	.L37:
 367 0144 00200240 		.word	1073881088
 368 0148 37261504 		.word	68494903
 369 014c FDFCFBFA 		.word	-84148995
 370              		.cfi_endproc
 371              	.LFE40:
 373              		.align	1
 374              		.global	HAL_FLASHEx_DisableRunPowerDown
 375              		.syntax unified
 376              		.code	16
 377              		.thumb_func
 379              	HAL_FLASHEx_DisableRunPowerDown:
 380              	.LFB41:
 127:Drivers/STM32L0xx_HAL_Driver/Src/stm32l0xx_hal_flash_ramfunc.c ****   /* Disable the Power Down in Run mode*/
 381              		.loc 1 127 1 is_stmt 1 view -0
 382              		.cfi_startproc
 383              		@ args = 0, pretend = 0, frame = 0
 384              		@ frame_needed = 0, uses_anonymous_args = 0
 385              		@ link register save eliminated.
 129:Drivers/STM32L0xx_HAL_Driver/Src/stm32l0xx_hal_flash_ramfunc.c **** 
 386              		.loc 1 129 3 view .LVU109
 129:Drivers/STM32L0xx_HAL_Driver/Src/stm32l0xx_hal_flash_ramfunc.c **** 
 387              		.loc 1 129 3 view .LVU110
 388 0150 054B     		ldr	r3, .L40
 389 0152 064A     		ldr	r2, .L40+4
 390 0154 9A60     		str	r2, [r3, #8]
ARM GAS  /tmp/ccop5LOa.s 			page 17


 129:Drivers/STM32L0xx_HAL_Driver/Src/stm32l0xx_hal_flash_ramfunc.c **** 
 391              		.loc 1 129 3 view .LVU111
 392 0156 064A     		ldr	r2, .L40+8
 393 0158 9A60     		str	r2, [r3, #8]
 129:Drivers/STM32L0xx_HAL_Driver/Src/stm32l0xx_hal_flash_ramfunc.c **** 
 394              		.loc 1 129 3 view .LVU112
 395 015a 1A68     		ldr	r2, [r3]
 396 015c 1021     		movs	r1, #16
 397 015e 8A43     		bics	r2, r1
 398 0160 1A60     		str	r2, [r3]
 129:Drivers/STM32L0xx_HAL_Driver/Src/stm32l0xx_hal_flash_ramfunc.c **** 
 399              		.loc 1 129 3 view .LVU113
 131:Drivers/STM32L0xx_HAL_Driver/Src/stm32l0xx_hal_flash_ramfunc.c **** }
 400              		.loc 1 131 3 view .LVU114
 132:Drivers/STM32L0xx_HAL_Driver/Src/stm32l0xx_hal_flash_ramfunc.c **** 
 401              		.loc 1 132 1 is_stmt 0 view .LVU115
 402 0162 0020     		movs	r0, #0
 403              		@ sp needed
 404 0164 7047     		bx	lr
 405              	.L41:
 406 0166 C046     		.align	2
 407              	.L40:
 408 0168 00200240 		.word	1073881088
 409 016c 37261504 		.word	68494903
 410 0170 FDFCFBFA 		.word	-84148995
 411              		.cfi_endproc
 412              	.LFE41:
 414              		.align	1
 415              		.global	HAL_FLASHEx_HalfPageProgram
 416              		.syntax unified
 417              		.code	16
 418              		.thumb_func
 420              	HAL_FLASHEx_HalfPageProgram:
 421              	.LVL16:
 422              	.LFB42:
 304:Drivers/STM32L0xx_HAL_Driver/Src/stm32l0xx_hal_flash_ramfunc.c ****   uint32_t count = 0U; 
 423              		.loc 1 304 1 is_stmt 1 view -0
 424              		.cfi_startproc
 425              		@ args = 0, pretend = 0, frame = 0
 426              		@ frame_needed = 0, uses_anonymous_args = 0
 304:Drivers/STM32L0xx_HAL_Driver/Src/stm32l0xx_hal_flash_ramfunc.c ****   uint32_t count = 0U; 
 427              		.loc 1 304 1 is_stmt 0 view .LVU117
 428 0174 70B5     		push	{r4, r5, r6, lr}
 429              		.cfi_def_cfa_offset 16
 430              		.cfi_offset 4, -16
 431              		.cfi_offset 5, -12
 432              		.cfi_offset 6, -8
 433              		.cfi_offset 14, -4
 434 0176 0500     		movs	r5, r0
 435 0178 0C00     		movs	r4, r1
 305:Drivers/STM32L0xx_HAL_Driver/Src/stm32l0xx_hal_flash_ramfunc.c ****   HAL_StatusTypeDef status = HAL_OK;
 436              		.loc 1 305 3 is_stmt 1 view .LVU118
 437              	.LVL17:
 306:Drivers/STM32L0xx_HAL_Driver/Src/stm32l0xx_hal_flash_ramfunc.c **** 
 438              		.loc 1 306 3 view .LVU119
 309:Drivers/STM32L0xx_HAL_Driver/Src/stm32l0xx_hal_flash_ramfunc.c ****   
 439              		.loc 1 309 3 view .LVU120
ARM GAS  /tmp/ccop5LOa.s 			page 18


 309:Drivers/STM32L0xx_HAL_Driver/Src/stm32l0xx_hal_flash_ramfunc.c ****   
 440              		.loc 1 309 12 is_stmt 0 view .LVU121
 441 017a 1248     		ldr	r0, .L46
 442              	.LVL18:
 309:Drivers/STM32L0xx_HAL_Driver/Src/stm32l0xx_hal_flash_ramfunc.c ****   
 443              		.loc 1 309 12 view .LVU122
 444 017c FFF79EFF 		bl	FLASHRAM_WaitForLastOperation
 445              	.LVL19:
 311:Drivers/STM32L0xx_HAL_Driver/Src/stm32l0xx_hal_flash_ramfunc.c ****   {
 446              		.loc 1 311 3 is_stmt 1 view .LVU123
 311:Drivers/STM32L0xx_HAL_Driver/Src/stm32l0xx_hal_flash_ramfunc.c ****   {
 447              		.loc 1 311 5 is_stmt 0 view .LVU124
 448 0180 0028     		cmp	r0, #0
 449 0182 1ED1     		bne	.L43
 314:Drivers/STM32L0xx_HAL_Driver/Src/stm32l0xx_hal_flash_ramfunc.c ****     SET_BIT(FLASH->PECR, FLASH_PECR_PROG);
 450              		.loc 1 314 5 is_stmt 1 view .LVU125
 451 0184 104B     		ldr	r3, .L46+4
 452 0186 5968     		ldr	r1, [r3, #4]
 453 0188 8022     		movs	r2, #128
 454 018a D200     		lsls	r2, r2, #3
 455 018c 0A43     		orrs	r2, r1
 456 018e 5A60     		str	r2, [r3, #4]
 315:Drivers/STM32L0xx_HAL_Driver/Src/stm32l0xx_hal_flash_ramfunc.c ****     
 457              		.loc 1 315 5 view .LVU126
 458 0190 5A68     		ldr	r2, [r3, #4]
 459 0192 0821     		movs	r1, #8
 460 0194 0A43     		orrs	r2, r1
 461 0196 5A60     		str	r2, [r3, #4]
 318:Drivers/STM32L0xx_HAL_Driver/Src/stm32l0xx_hal_flash_ramfunc.c **** 
 462              		.loc 1 318 5 view .LVU127
 463              	.LBB6:
 464              	.LBI6:
 465              		.file 2 "Drivers/CMSIS/Include/cmsis_gcc.h"
   1:Drivers/CMSIS/Include/cmsis_gcc.h **** /**************************************************************************//**
   2:Drivers/CMSIS/Include/cmsis_gcc.h ****  * @file     cmsis_gcc.h
   3:Drivers/CMSIS/Include/cmsis_gcc.h ****  * @brief    CMSIS compiler GCC header file
   4:Drivers/CMSIS/Include/cmsis_gcc.h ****  * @version  V5.0.4
   5:Drivers/CMSIS/Include/cmsis_gcc.h ****  * @date     09. April 2018
   6:Drivers/CMSIS/Include/cmsis_gcc.h ****  ******************************************************************************/
   7:Drivers/CMSIS/Include/cmsis_gcc.h **** /*
   8:Drivers/CMSIS/Include/cmsis_gcc.h ****  * Copyright (c) 2009-2018 Arm Limited. All rights reserved.
   9:Drivers/CMSIS/Include/cmsis_gcc.h ****  *
  10:Drivers/CMSIS/Include/cmsis_gcc.h ****  * SPDX-License-Identifier: Apache-2.0
  11:Drivers/CMSIS/Include/cmsis_gcc.h ****  *
  12:Drivers/CMSIS/Include/cmsis_gcc.h ****  * Licensed under the Apache License, Version 2.0 (the License); you may
  13:Drivers/CMSIS/Include/cmsis_gcc.h ****  * not use this file except in compliance with the License.
  14:Drivers/CMSIS/Include/cmsis_gcc.h ****  * You may obtain a copy of the License at
  15:Drivers/CMSIS/Include/cmsis_gcc.h ****  *
  16:Drivers/CMSIS/Include/cmsis_gcc.h ****  * www.apache.org/licenses/LICENSE-2.0
  17:Drivers/CMSIS/Include/cmsis_gcc.h ****  *
  18:Drivers/CMSIS/Include/cmsis_gcc.h ****  * Unless required by applicable law or agreed to in writing, software
  19:Drivers/CMSIS/Include/cmsis_gcc.h ****  * distributed under the License is distributed on an AS IS BASIS, WITHOUT
  20:Drivers/CMSIS/Include/cmsis_gcc.h ****  * WARRANTIES OR CONDITIONS OF ANY KIND, either express or implied.
  21:Drivers/CMSIS/Include/cmsis_gcc.h ****  * See the License for the specific language governing permissions and
  22:Drivers/CMSIS/Include/cmsis_gcc.h ****  * limitations under the License.
  23:Drivers/CMSIS/Include/cmsis_gcc.h ****  */
  24:Drivers/CMSIS/Include/cmsis_gcc.h **** 
ARM GAS  /tmp/ccop5LOa.s 			page 19


  25:Drivers/CMSIS/Include/cmsis_gcc.h **** #ifndef __CMSIS_GCC_H
  26:Drivers/CMSIS/Include/cmsis_gcc.h **** #define __CMSIS_GCC_H
  27:Drivers/CMSIS/Include/cmsis_gcc.h **** 
  28:Drivers/CMSIS/Include/cmsis_gcc.h **** /* ignore some GCC warnings */
  29:Drivers/CMSIS/Include/cmsis_gcc.h **** #pragma GCC diagnostic push
  30:Drivers/CMSIS/Include/cmsis_gcc.h **** #pragma GCC diagnostic ignored "-Wsign-conversion"
  31:Drivers/CMSIS/Include/cmsis_gcc.h **** #pragma GCC diagnostic ignored "-Wconversion"
  32:Drivers/CMSIS/Include/cmsis_gcc.h **** #pragma GCC diagnostic ignored "-Wunused-parameter"
  33:Drivers/CMSIS/Include/cmsis_gcc.h **** 
  34:Drivers/CMSIS/Include/cmsis_gcc.h **** /* Fallback for __has_builtin */
  35:Drivers/CMSIS/Include/cmsis_gcc.h **** #ifndef __has_builtin
  36:Drivers/CMSIS/Include/cmsis_gcc.h ****   #define __has_builtin(x) (0)
  37:Drivers/CMSIS/Include/cmsis_gcc.h **** #endif
  38:Drivers/CMSIS/Include/cmsis_gcc.h **** 
  39:Drivers/CMSIS/Include/cmsis_gcc.h **** /* CMSIS compiler specific defines */
  40:Drivers/CMSIS/Include/cmsis_gcc.h **** #ifndef   __ASM
  41:Drivers/CMSIS/Include/cmsis_gcc.h ****   #define __ASM                                  __asm
  42:Drivers/CMSIS/Include/cmsis_gcc.h **** #endif
  43:Drivers/CMSIS/Include/cmsis_gcc.h **** #ifndef   __INLINE
  44:Drivers/CMSIS/Include/cmsis_gcc.h ****   #define __INLINE                               inline
  45:Drivers/CMSIS/Include/cmsis_gcc.h **** #endif
  46:Drivers/CMSIS/Include/cmsis_gcc.h **** #ifndef   __STATIC_INLINE
  47:Drivers/CMSIS/Include/cmsis_gcc.h ****   #define __STATIC_INLINE                        static inline
  48:Drivers/CMSIS/Include/cmsis_gcc.h **** #endif
  49:Drivers/CMSIS/Include/cmsis_gcc.h **** #ifndef   __STATIC_FORCEINLINE                 
  50:Drivers/CMSIS/Include/cmsis_gcc.h ****   #define __STATIC_FORCEINLINE                   __attribute__((always_inline)) static inline
  51:Drivers/CMSIS/Include/cmsis_gcc.h **** #endif                                           
  52:Drivers/CMSIS/Include/cmsis_gcc.h **** #ifndef   __NO_RETURN
  53:Drivers/CMSIS/Include/cmsis_gcc.h ****   #define __NO_RETURN                            __attribute__((__noreturn__))
  54:Drivers/CMSIS/Include/cmsis_gcc.h **** #endif
  55:Drivers/CMSIS/Include/cmsis_gcc.h **** #ifndef   __USED
  56:Drivers/CMSIS/Include/cmsis_gcc.h ****   #define __USED                                 __attribute__((used))
  57:Drivers/CMSIS/Include/cmsis_gcc.h **** #endif
  58:Drivers/CMSIS/Include/cmsis_gcc.h **** #ifndef   __WEAK
  59:Drivers/CMSIS/Include/cmsis_gcc.h ****   #define __WEAK                                 __attribute__((weak))
  60:Drivers/CMSIS/Include/cmsis_gcc.h **** #endif
  61:Drivers/CMSIS/Include/cmsis_gcc.h **** #ifndef   __PACKED
  62:Drivers/CMSIS/Include/cmsis_gcc.h ****   #define __PACKED                               __attribute__((packed, aligned(1)))
  63:Drivers/CMSIS/Include/cmsis_gcc.h **** #endif
  64:Drivers/CMSIS/Include/cmsis_gcc.h **** #ifndef   __PACKED_STRUCT
  65:Drivers/CMSIS/Include/cmsis_gcc.h ****   #define __PACKED_STRUCT                        struct __attribute__((packed, aligned(1)))
  66:Drivers/CMSIS/Include/cmsis_gcc.h **** #endif
  67:Drivers/CMSIS/Include/cmsis_gcc.h **** #ifndef   __PACKED_UNION
  68:Drivers/CMSIS/Include/cmsis_gcc.h ****   #define __PACKED_UNION                         union __attribute__((packed, aligned(1)))
  69:Drivers/CMSIS/Include/cmsis_gcc.h **** #endif
  70:Drivers/CMSIS/Include/cmsis_gcc.h **** #ifndef   __UNALIGNED_UINT32        /* deprecated */
  71:Drivers/CMSIS/Include/cmsis_gcc.h ****   #pragma GCC diagnostic push
  72:Drivers/CMSIS/Include/cmsis_gcc.h ****   #pragma GCC diagnostic ignored "-Wpacked"
  73:Drivers/CMSIS/Include/cmsis_gcc.h ****   #pragma GCC diagnostic ignored "-Wattributes"
  74:Drivers/CMSIS/Include/cmsis_gcc.h ****   struct __attribute__((packed)) T_UINT32 { uint32_t v; };
  75:Drivers/CMSIS/Include/cmsis_gcc.h ****   #pragma GCC diagnostic pop
  76:Drivers/CMSIS/Include/cmsis_gcc.h ****   #define __UNALIGNED_UINT32(x)                  (((struct T_UINT32 *)(x))->v)
  77:Drivers/CMSIS/Include/cmsis_gcc.h **** #endif
  78:Drivers/CMSIS/Include/cmsis_gcc.h **** #ifndef   __UNALIGNED_UINT16_WRITE
  79:Drivers/CMSIS/Include/cmsis_gcc.h ****   #pragma GCC diagnostic push
  80:Drivers/CMSIS/Include/cmsis_gcc.h ****   #pragma GCC diagnostic ignored "-Wpacked"
  81:Drivers/CMSIS/Include/cmsis_gcc.h ****   #pragma GCC diagnostic ignored "-Wattributes"
ARM GAS  /tmp/ccop5LOa.s 			page 20


  82:Drivers/CMSIS/Include/cmsis_gcc.h ****   __PACKED_STRUCT T_UINT16_WRITE { uint16_t v; };
  83:Drivers/CMSIS/Include/cmsis_gcc.h ****   #pragma GCC diagnostic pop
  84:Drivers/CMSIS/Include/cmsis_gcc.h ****   #define __UNALIGNED_UINT16_WRITE(addr, val)    (void)((((struct T_UINT16_WRITE *)(void *)(addr))-
  85:Drivers/CMSIS/Include/cmsis_gcc.h **** #endif
  86:Drivers/CMSIS/Include/cmsis_gcc.h **** #ifndef   __UNALIGNED_UINT16_READ
  87:Drivers/CMSIS/Include/cmsis_gcc.h ****   #pragma GCC diagnostic push
  88:Drivers/CMSIS/Include/cmsis_gcc.h ****   #pragma GCC diagnostic ignored "-Wpacked"
  89:Drivers/CMSIS/Include/cmsis_gcc.h ****   #pragma GCC diagnostic ignored "-Wattributes"
  90:Drivers/CMSIS/Include/cmsis_gcc.h ****   __PACKED_STRUCT T_UINT16_READ { uint16_t v; };
  91:Drivers/CMSIS/Include/cmsis_gcc.h ****   #pragma GCC diagnostic pop
  92:Drivers/CMSIS/Include/cmsis_gcc.h ****   #define __UNALIGNED_UINT16_READ(addr)          (((const struct T_UINT16_READ *)(const void *)(add
  93:Drivers/CMSIS/Include/cmsis_gcc.h **** #endif
  94:Drivers/CMSIS/Include/cmsis_gcc.h **** #ifndef   __UNALIGNED_UINT32_WRITE
  95:Drivers/CMSIS/Include/cmsis_gcc.h ****   #pragma GCC diagnostic push
  96:Drivers/CMSIS/Include/cmsis_gcc.h ****   #pragma GCC diagnostic ignored "-Wpacked"
  97:Drivers/CMSIS/Include/cmsis_gcc.h ****   #pragma GCC diagnostic ignored "-Wattributes"
  98:Drivers/CMSIS/Include/cmsis_gcc.h ****   __PACKED_STRUCT T_UINT32_WRITE { uint32_t v; };
  99:Drivers/CMSIS/Include/cmsis_gcc.h ****   #pragma GCC diagnostic pop
 100:Drivers/CMSIS/Include/cmsis_gcc.h ****   #define __UNALIGNED_UINT32_WRITE(addr, val)    (void)((((struct T_UINT32_WRITE *)(void *)(addr))-
 101:Drivers/CMSIS/Include/cmsis_gcc.h **** #endif
 102:Drivers/CMSIS/Include/cmsis_gcc.h **** #ifndef   __UNALIGNED_UINT32_READ
 103:Drivers/CMSIS/Include/cmsis_gcc.h ****   #pragma GCC diagnostic push
 104:Drivers/CMSIS/Include/cmsis_gcc.h ****   #pragma GCC diagnostic ignored "-Wpacked"
 105:Drivers/CMSIS/Include/cmsis_gcc.h ****   #pragma GCC diagnostic ignored "-Wattributes"
 106:Drivers/CMSIS/Include/cmsis_gcc.h ****   __PACKED_STRUCT T_UINT32_READ { uint32_t v; };
 107:Drivers/CMSIS/Include/cmsis_gcc.h ****   #pragma GCC diagnostic pop
 108:Drivers/CMSIS/Include/cmsis_gcc.h ****   #define __UNALIGNED_UINT32_READ(addr)          (((const struct T_UINT32_READ *)(const void *)(add
 109:Drivers/CMSIS/Include/cmsis_gcc.h **** #endif
 110:Drivers/CMSIS/Include/cmsis_gcc.h **** #ifndef   __ALIGNED
 111:Drivers/CMSIS/Include/cmsis_gcc.h ****   #define __ALIGNED(x)                           __attribute__((aligned(x)))
 112:Drivers/CMSIS/Include/cmsis_gcc.h **** #endif
 113:Drivers/CMSIS/Include/cmsis_gcc.h **** #ifndef   __RESTRICT
 114:Drivers/CMSIS/Include/cmsis_gcc.h ****   #define __RESTRICT                             __restrict
 115:Drivers/CMSIS/Include/cmsis_gcc.h **** #endif
 116:Drivers/CMSIS/Include/cmsis_gcc.h **** 
 117:Drivers/CMSIS/Include/cmsis_gcc.h **** 
 118:Drivers/CMSIS/Include/cmsis_gcc.h **** /* ###########################  Core Function Access  ########################### */
 119:Drivers/CMSIS/Include/cmsis_gcc.h **** /** \ingroup  CMSIS_Core_FunctionInterface
 120:Drivers/CMSIS/Include/cmsis_gcc.h ****     \defgroup CMSIS_Core_RegAccFunctions CMSIS Core Register Access Functions
 121:Drivers/CMSIS/Include/cmsis_gcc.h ****   @{
 122:Drivers/CMSIS/Include/cmsis_gcc.h ****  */
 123:Drivers/CMSIS/Include/cmsis_gcc.h **** 
 124:Drivers/CMSIS/Include/cmsis_gcc.h **** /**
 125:Drivers/CMSIS/Include/cmsis_gcc.h ****   \brief   Enable IRQ Interrupts
 126:Drivers/CMSIS/Include/cmsis_gcc.h ****   \details Enables IRQ interrupts by clearing the I-bit in the CPSR.
 127:Drivers/CMSIS/Include/cmsis_gcc.h ****            Can only be executed in Privileged modes.
 128:Drivers/CMSIS/Include/cmsis_gcc.h ****  */
 129:Drivers/CMSIS/Include/cmsis_gcc.h **** __STATIC_FORCEINLINE void __enable_irq(void)
 130:Drivers/CMSIS/Include/cmsis_gcc.h **** {
 131:Drivers/CMSIS/Include/cmsis_gcc.h ****   __ASM volatile ("cpsie i" : : : "memory");
 132:Drivers/CMSIS/Include/cmsis_gcc.h **** }
 133:Drivers/CMSIS/Include/cmsis_gcc.h **** 
 134:Drivers/CMSIS/Include/cmsis_gcc.h **** 
 135:Drivers/CMSIS/Include/cmsis_gcc.h **** /**
 136:Drivers/CMSIS/Include/cmsis_gcc.h ****   \brief   Disable IRQ Interrupts
 137:Drivers/CMSIS/Include/cmsis_gcc.h ****   \details Disables IRQ interrupts by setting the I-bit in the CPSR.
 138:Drivers/CMSIS/Include/cmsis_gcc.h ****            Can only be executed in Privileged modes.
ARM GAS  /tmp/ccop5LOa.s 			page 21


 139:Drivers/CMSIS/Include/cmsis_gcc.h ****  */
 140:Drivers/CMSIS/Include/cmsis_gcc.h **** __STATIC_FORCEINLINE void __disable_irq(void)
 466              		.loc 2 140 27 view .LVU128
 467              	.LBB7:
 141:Drivers/CMSIS/Include/cmsis_gcc.h **** {
 142:Drivers/CMSIS/Include/cmsis_gcc.h ****   __ASM volatile ("cpsid i" : : : "memory");
 468              		.loc 2 142 3 view .LVU129
 469              		.syntax divided
 470              	@ 142 "Drivers/CMSIS/Include/cmsis_gcc.h" 1
 471 0198 72B6     		cpsid i
 472              	@ 0 "" 2
 473              		.thumb
 474              		.syntax unified
 475              	.LBE7:
 476              	.LBE6:
 321:Drivers/STM32L0xx_HAL_Driver/Src/stm32l0xx_hal_flash_ramfunc.c ****     {
 477              		.loc 1 321 5 view .LVU130
 305:Drivers/STM32L0xx_HAL_Driver/Src/stm32l0xx_hal_flash_ramfunc.c ****   HAL_StatusTypeDef status = HAL_OK;
 478              		.loc 1 305 12 is_stmt 0 view .LVU131
 479 019a 0023     		movs	r3, #0
 480              	.LBB9:
 481              	.LBB8:
 143:Drivers/CMSIS/Include/cmsis_gcc.h **** }
 482              		.loc 2 143 1 view .LVU132
 483 019c 02E0     		b	.L44
 484              	.LVL20:
 485              	.L45:
 486              		.loc 2 143 1 view .LVU133
 487              	.LBE8:
 488              	.LBE9:
 324:Drivers/STM32L0xx_HAL_Driver/Src/stm32l0xx_hal_flash_ramfunc.c ****       pBuffer++;
 489              		.loc 1 324 7 is_stmt 1 view .LVU134
 324:Drivers/STM32L0xx_HAL_Driver/Src/stm32l0xx_hal_flash_ramfunc.c ****       pBuffer++;
 490              		.loc 1 324 35 is_stmt 0 view .LVU135
 491 019e 04CC     		ldmia	r4!, {r2}
 492              	.LVL21:
 324:Drivers/STM32L0xx_HAL_Driver/Src/stm32l0xx_hal_flash_ramfunc.c ****       pBuffer++;
 493              		.loc 1 324 33 view .LVU136
 494 01a0 2A60     		str	r2, [r5]
 325:Drivers/STM32L0xx_HAL_Driver/Src/stm32l0xx_hal_flash_ramfunc.c ****       count ++;  
 495              		.loc 1 325 7 is_stmt 1 view .LVU137
 496              	.LVL22:
 326:Drivers/STM32L0xx_HAL_Driver/Src/stm32l0xx_hal_flash_ramfunc.c ****     }
 497              		.loc 1 326 7 view .LVU138
 326:Drivers/STM32L0xx_HAL_Driver/Src/stm32l0xx_hal_flash_ramfunc.c ****     }
 498              		.loc 1 326 13 is_stmt 0 view .LVU139
 499 01a2 0133     		adds	r3, r3, #1
 500              	.LVL23:
 501              	.L44:
 321:Drivers/STM32L0xx_HAL_Driver/Src/stm32l0xx_hal_flash_ramfunc.c ****     {
 502              		.loc 1 321 17 is_stmt 1 view .LVU140
 503 01a4 0F2B     		cmp	r3, #15
 504 01a6 FAD9     		bls	.L45
 330:Drivers/STM32L0xx_HAL_Driver/Src/stm32l0xx_hal_flash_ramfunc.c **** 
 505              		.loc 1 330 5 view .LVU141
 506              	.LBB10:
 507              	.LBI10:
ARM GAS  /tmp/ccop5LOa.s 			page 22


 129:Drivers/CMSIS/Include/cmsis_gcc.h **** {
 508              		.loc 2 129 27 view .LVU142
 509              	.LBB11:
 131:Drivers/CMSIS/Include/cmsis_gcc.h **** }
 510              		.loc 2 131 3 view .LVU143
 511              		.syntax divided
 512              	@ 131 "Drivers/CMSIS/Include/cmsis_gcc.h" 1
 513 01a8 62B6     		cpsie i
 514              	@ 0 "" 2
 515              		.thumb
 516              		.syntax unified
 517              	.LBE11:
 518              	.LBE10:
 333:Drivers/STM32L0xx_HAL_Driver/Src/stm32l0xx_hal_flash_ramfunc.c ****  
 519              		.loc 1 333 5 view .LVU144
 333:Drivers/STM32L0xx_HAL_Driver/Src/stm32l0xx_hal_flash_ramfunc.c ****  
 520              		.loc 1 333 14 is_stmt 0 view .LVU145
 521 01aa 0648     		ldr	r0, .L46
 522              	.LVL24:
 333:Drivers/STM32L0xx_HAL_Driver/Src/stm32l0xx_hal_flash_ramfunc.c ****  
 523              		.loc 1 333 14 view .LVU146
 524 01ac FFF786FF 		bl	FLASHRAM_WaitForLastOperation
 525              	.LVL25:
 336:Drivers/STM32L0xx_HAL_Driver/Src/stm32l0xx_hal_flash_ramfunc.c ****     CLEAR_BIT(FLASH->PECR, FLASH_PECR_FPRG);
 526              		.loc 1 336 5 is_stmt 1 view .LVU147
 527 01b0 054B     		ldr	r3, .L46+4
 528 01b2 5A68     		ldr	r2, [r3, #4]
 529 01b4 0821     		movs	r1, #8
 530 01b6 8A43     		bics	r2, r1
 531 01b8 5A60     		str	r2, [r3, #4]
 337:Drivers/STM32L0xx_HAL_Driver/Src/stm32l0xx_hal_flash_ramfunc.c ****   }
 532              		.loc 1 337 5 view .LVU148
 533 01ba 5A68     		ldr	r2, [r3, #4]
 534 01bc 0349     		ldr	r1, .L46+8
 535 01be 0A40     		ands	r2, r1
 536 01c0 5A60     		str	r2, [r3, #4]
 537              	.LVL26:
 538              	.L43:
 341:Drivers/STM32L0xx_HAL_Driver/Src/stm32l0xx_hal_flash_ramfunc.c **** }
 539              		.loc 1 341 3 view .LVU149
 342:Drivers/STM32L0xx_HAL_Driver/Src/stm32l0xx_hal_flash_ramfunc.c **** 
 540              		.loc 1 342 1 is_stmt 0 view .LVU150
 541              		@ sp needed
 542              	.LVL27:
 543              	.LVL28:
 342:Drivers/STM32L0xx_HAL_Driver/Src/stm32l0xx_hal_flash_ramfunc.c **** 
 544              		.loc 1 342 1 view .LVU151
 545 01c2 70BD     		pop	{r4, r5, r6, pc}
 546              	.L47:
 547              		.align	2
 548              	.L46:
 549 01c4 50C30000 		.word	50000
 550 01c8 00200240 		.word	1073881088
 551 01cc FFFBFFFF 		.word	-1025
 552              		.cfi_endproc
 553              	.LFE42:
 555              		.align	1
ARM GAS  /tmp/ccop5LOa.s 			page 23


 556              		.global	HAL_FLASHEx_GetError
 557              		.syntax unified
 558              		.code	16
 559              		.thumb_func
 561              	HAL_FLASHEx_GetError:
 562              	.LVL29:
 563              	.LFB43:
 375:Drivers/STM32L0xx_HAL_Driver/Src/stm32l0xx_hal_flash_ramfunc.c ****   *Error = pFlash.ErrorCode;
 564              		.loc 1 375 1 is_stmt 1 view -0
 565              		.cfi_startproc
 566              		@ args = 0, pretend = 0, frame = 0
 567              		@ frame_needed = 0, uses_anonymous_args = 0
 568              		@ link register save eliminated.
 376:Drivers/STM32L0xx_HAL_Driver/Src/stm32l0xx_hal_flash_ramfunc.c ****   return HAL_OK;  
 569              		.loc 1 376 3 view .LVU153
 376:Drivers/STM32L0xx_HAL_Driver/Src/stm32l0xx_hal_flash_ramfunc.c ****   return HAL_OK;  
 570              		.loc 1 376 18 is_stmt 0 view .LVU154
 571 01d0 024B     		ldr	r3, .L49
 572 01d2 5B69     		ldr	r3, [r3, #20]
 376:Drivers/STM32L0xx_HAL_Driver/Src/stm32l0xx_hal_flash_ramfunc.c ****   return HAL_OK;  
 573              		.loc 1 376 10 view .LVU155
 574 01d4 0360     		str	r3, [r0]
 377:Drivers/STM32L0xx_HAL_Driver/Src/stm32l0xx_hal_flash_ramfunc.c **** }
 575              		.loc 1 377 3 is_stmt 1 view .LVU156
 378:Drivers/STM32L0xx_HAL_Driver/Src/stm32l0xx_hal_flash_ramfunc.c **** 
 576              		.loc 1 378 1 is_stmt 0 view .LVU157
 577 01d6 0020     		movs	r0, #0
 578              	.LVL30:
 378:Drivers/STM32L0xx_HAL_Driver/Src/stm32l0xx_hal_flash_ramfunc.c **** 
 579              		.loc 1 378 1 view .LVU158
 580              		@ sp needed
 581 01d8 7047     		bx	lr
 582              	.L50:
 583 01da C046     		.align	2
 584              	.L49:
 585 01dc 00000000 		.word	pFlash
 586              		.cfi_endproc
 587              	.LFE43:
 589              		.text
 590              	.Letext0:
 591              		.file 3 "/usr/arm-none-eabi/include/machine/_default_types.h"
 592              		.file 4 "/usr/arm-none-eabi/include/sys/_stdint.h"
 593              		.file 5 "Drivers/CMSIS/Device/ST/STM32L0xx/Include/stm32l031xx.h"
 594              		.file 6 "Drivers/STM32L0xx_HAL_Driver/Inc/stm32l0xx_hal_def.h"
 595              		.file 7 "Drivers/STM32L0xx_HAL_Driver/Inc/stm32l0xx_hal_flash.h"
ARM GAS  /tmp/ccop5LOa.s 			page 24


DEFINED SYMBOLS
                            *ABS*:00000000 stm32l0xx_hal_flash_ramfunc.c
     /tmp/ccop5LOa.s:19     .RamFunc:00000000 $t
     /tmp/ccop5LOa.s:24     .RamFunc:00000000 FLASHRAM_SetErrorCode
     /tmp/ccop5LOa.s:200    .RamFunc:000000b4 $d
     /tmp/ccop5LOa.s:205    .RamFunc:000000bc $t
     /tmp/ccop5LOa.s:210    .RamFunc:000000bc FLASHRAM_WaitForLastOperation
     /tmp/ccop5LOa.s:328    .RamFunc:00000128 $d
     /tmp/ccop5LOa.s:332    .RamFunc:0000012c $t
     /tmp/ccop5LOa.s:338    .RamFunc:0000012c HAL_FLASHEx_EnableRunPowerDown
     /tmp/ccop5LOa.s:367    .RamFunc:00000144 $d
     /tmp/ccop5LOa.s:373    .RamFunc:00000150 $t
     /tmp/ccop5LOa.s:379    .RamFunc:00000150 HAL_FLASHEx_DisableRunPowerDown
     /tmp/ccop5LOa.s:408    .RamFunc:00000168 $d
     /tmp/ccop5LOa.s:414    .RamFunc:00000174 $t
     /tmp/ccop5LOa.s:420    .RamFunc:00000174 HAL_FLASHEx_HalfPageProgram
     /tmp/ccop5LOa.s:549    .RamFunc:000001c4 $d
     /tmp/ccop5LOa.s:555    .RamFunc:000001d0 $t
     /tmp/ccop5LOa.s:561    .RamFunc:000001d0 HAL_FLASHEx_GetError
     /tmp/ccop5LOa.s:585    .RamFunc:000001dc $d

UNDEFINED SYMBOLS
pFlash
